<?xml version="1.0" encoding="UTF-8"?>
<testsuite name="com.tests.integration.integrationtests.TestKafka" tests="1" skipped="0" failures="1" errors="0" timestamp="2022-08-26T19:02:05" hostname="ni-54232-1p" time="147.433">
  <properties/>
  <testcase name="consumingAndProducingMessages()" classname="com.tests.integration.integrationtests.TestKafka" time="147.433">
    <failure message="org.springframework.kafka.KafkaException: Send failed; nested exception is org.apache.kafka.common.errors.TimeoutException: Topic topicexample not present in metadata after 60000 ms." type="org.springframework.kafka.KafkaException">org.springframework.kafka.KafkaException: Send failed; nested exception is org.apache.kafka.common.errors.TimeoutException: Topic topicexample not present in metadata after 60000 ms.
	at app//org.springframework.kafka.core.KafkaTemplate.doSend(KafkaTemplate.java:667)
	at app//org.springframework.kafka.core.KafkaTemplate.send(KafkaTemplate.java:430)
	at app//com.tests.integration.producer.ProducerTopic.send(ProducerTopic.java:19)
	at app//com.tests.integration.integrationtests.TestKafka.consumingAndProducingMessages(TestKafka.java:75)
	at java.base@11.0.15/jdk.internal.reflect.NativeMethodAccessorImpl.invoke0(Native Method)
	at java.base@11.0.15/jdk.internal.reflect.NativeMethodAccessorImpl.invoke(NativeMethodAccessorImpl.java:62)
	at java.base@11.0.15/jdk.internal.reflect.DelegatingMethodAccessorImpl.invoke(DelegatingMethodAccessorImpl.java:43)
	at java.base@11.0.15/java.lang.reflect.Method.invoke(Method.java:566)
	at app//org.junit.platform.commons.util.ReflectionUtils.invokeMethod(ReflectionUtils.java:725)
	at app//org.junit.jupiter.engine.execution.MethodInvocation.proceed(MethodInvocation.java:60)
	at app//org.junit.jupiter.engine.execution.InvocationInterceptorChain$ValidatingInvocation.proceed(InvocationInterceptorChain.java:131)
	at app//org.junit.jupiter.engine.extension.TimeoutExtension.intercept(TimeoutExtension.java:149)
	at app//org.junit.jupiter.engine.extension.TimeoutExtension.interceptTestableMethod(TimeoutExtension.java:140)
	at app//org.junit.jupiter.engine.extension.TimeoutExtension.interceptTestMethod(TimeoutExtension.java:84)
	at app//org.junit.jupiter.engine.execution.ExecutableInvoker$ReflectiveInterceptorCall.lambda$ofVoidMethod$0(ExecutableInvoker.java:115)
	at app//org.junit.jupiter.engine.execution.ExecutableInvoker.lambda$invoke$0(ExecutableInvoker.java:105)
	at app//org.junit.jupiter.engine.execution.InvocationInterceptorChain$InterceptedInvocation.proceed(InvocationInterceptorChain.java:106)
	at app//org.junit.jupiter.engine.execution.InvocationInterceptorChain.proceed(InvocationInterceptorChain.java:64)
	at app//org.junit.jupiter.engine.execution.InvocationInterceptorChain.chainAndInvoke(InvocationInterceptorChain.java:45)
	at app//org.junit.jupiter.engine.execution.InvocationInterceptorChain.invoke(InvocationInterceptorChain.java:37)
	at app//org.junit.jupiter.engine.execution.ExecutableInvoker.invoke(ExecutableInvoker.java:104)
	at app//org.junit.jupiter.engine.execution.ExecutableInvoker.invoke(ExecutableInvoker.java:98)
	at app//org.junit.jupiter.engine.descriptor.TestMethodTestDescriptor.lambda$invokeTestMethod$7(TestMethodTestDescriptor.java:214)
	at app//org.junit.platform.engine.support.hierarchical.ThrowableCollector.execute(ThrowableCollector.java:73)
	at app//org.junit.jupiter.engine.descriptor.TestMethodTestDescriptor.invokeTestMethod(TestMethodTestDescriptor.java:210)
	at app//org.junit.jupiter.engine.descriptor.TestMethodTestDescriptor.execute(TestMethodTestDescriptor.java:135)
	at app//org.junit.jupiter.engine.descriptor.TestMethodTestDescriptor.execute(TestMethodTestDescriptor.java:66)
	at app//org.junit.platform.engine.support.hierarchical.NodeTestTask.lambda$executeRecursively$6(NodeTestTask.java:151)
	at app//org.junit.platform.engine.support.hierarchical.ThrowableCollector.execute(ThrowableCollector.java:73)
	at app//org.junit.platform.engine.support.hierarchical.NodeTestTask.lambda$executeRecursively$8(NodeTestTask.java:141)
	at app//org.junit.platform.engine.support.hierarchical.Node.around(Node.java:137)
	at app//org.junit.platform.engine.support.hierarchical.NodeTestTask.lambda$executeRecursively$9(NodeTestTask.java:139)
	at app//org.junit.platform.engine.support.hierarchical.ThrowableCollector.execute(ThrowableCollector.java:73)
	at app//org.junit.platform.engine.support.hierarchical.NodeTestTask.executeRecursively(NodeTestTask.java:138)
	at app//org.junit.platform.engine.support.hierarchical.NodeTestTask.execute(NodeTestTask.java:95)
	at java.base@11.0.15/java.util.ArrayList.forEach(ArrayList.java:1541)
	at app//org.junit.platform.engine.support.hierarchical.SameThreadHierarchicalTestExecutorService.invokeAll(SameThreadHierarchicalTestExecutorService.java:41)
	at app//org.junit.platform.engine.support.hierarchical.NodeTestTask.lambda$executeRecursively$6(NodeTestTask.java:155)
	at app//org.junit.platform.engine.support.hierarchical.ThrowableCollector.execute(ThrowableCollector.java:73)
	at app//org.junit.platform.engine.support.hierarchical.NodeTestTask.lambda$executeRecursively$8(NodeTestTask.java:141)
	at app//org.junit.platform.engine.support.hierarchical.Node.around(Node.java:137)
	at app//org.junit.platform.engine.support.hierarchical.NodeTestTask.lambda$executeRecursively$9(NodeTestTask.java:139)
	at app//org.junit.platform.engine.support.hierarchical.ThrowableCollector.execute(ThrowableCollector.java:73)
	at app//org.junit.platform.engine.support.hierarchical.NodeTestTask.executeRecursively(NodeTestTask.java:138)
	at app//org.junit.platform.engine.support.hierarchical.NodeTestTask.execute(NodeTestTask.java:95)
	at java.base@11.0.15/java.util.ArrayList.forEach(ArrayList.java:1541)
	at app//org.junit.platform.engine.support.hierarchical.SameThreadHierarchicalTestExecutorService.invokeAll(SameThreadHierarchicalTestExecutorService.java:41)
	at app//org.junit.platform.engine.support.hierarchical.NodeTestTask.lambda$executeRecursively$6(NodeTestTask.java:155)
	at app//org.junit.platform.engine.support.hierarchical.ThrowableCollector.execute(ThrowableCollector.java:73)
	at app//org.junit.platform.engine.support.hierarchical.NodeTestTask.lambda$executeRecursively$8(NodeTestTask.java:141)
	at app//org.junit.platform.engine.support.hierarchical.Node.around(Node.java:137)
	at app//org.junit.platform.engine.support.hierarchical.NodeTestTask.lambda$executeRecursively$9(NodeTestTask.java:139)
	at app//org.junit.platform.engine.support.hierarchical.ThrowableCollector.execute(ThrowableCollector.java:73)
	at app//org.junit.platform.engine.support.hierarchical.NodeTestTask.executeRecursively(NodeTestTask.java:138)
	at app//org.junit.platform.engine.support.hierarchical.NodeTestTask.execute(NodeTestTask.java:95)
	at app//org.junit.platform.engine.support.hierarchical.SameThreadHierarchicalTestExecutorService.submit(SameThreadHierarchicalTestExecutorService.java:35)
	at app//org.junit.platform.engine.support.hierarchical.HierarchicalTestExecutor.execute(HierarchicalTestExecutor.java:57)
	at app//org.junit.platform.engine.support.hierarchical.HierarchicalTestEngine.execute(HierarchicalTestEngine.java:54)
	at org.junit.platform.launcher.core.EngineExecutionOrchestrator.execute(EngineExecutionOrchestrator.java:108)
	at org.junit.platform.launcher.core.EngineExecutionOrchestrator.execute(EngineExecutionOrchestrator.java:88)
	at org.junit.platform.launcher.core.EngineExecutionOrchestrator.lambda$execute$0(EngineExecutionOrchestrator.java:54)
	at org.junit.platform.launcher.core.EngineExecutionOrchestrator.withInterceptedStreams(EngineExecutionOrchestrator.java:67)
	at org.junit.platform.launcher.core.EngineExecutionOrchestrator.execute(EngineExecutionOrchestrator.java:52)
	at org.junit.platform.launcher.core.DefaultLauncher.execute(DefaultLauncher.java:96)
	at org.junit.platform.launcher.core.DefaultLauncher.execute(DefaultLauncher.java:75)
	at org.gradle.api.internal.tasks.testing.junitplatform.JUnitPlatformTestClassProcessor$CollectAllTestClassesExecutor.processAllTestClasses(JUnitPlatformTestClassProcessor.java:99)
	at org.gradle.api.internal.tasks.testing.junitplatform.JUnitPlatformTestClassProcessor$CollectAllTestClassesExecutor.access$000(JUnitPlatformTestClassProcessor.java:79)
	at org.gradle.api.internal.tasks.testing.junitplatform.JUnitPlatformTestClassProcessor.stop(JUnitPlatformTestClassProcessor.java:75)
	at org.gradle.api.internal.tasks.testing.SuiteTestClassProcessor.stop(SuiteTestClassProcessor.java:61)
	at java.base@11.0.15/jdk.internal.reflect.NativeMethodAccessorImpl.invoke0(Native Method)
	at java.base@11.0.15/jdk.internal.reflect.NativeMethodAccessorImpl.invoke(NativeMethodAccessorImpl.java:62)
	at java.base@11.0.15/jdk.internal.reflect.DelegatingMethodAccessorImpl.invoke(DelegatingMethodAccessorImpl.java:43)
	at java.base@11.0.15/java.lang.reflect.Method.invoke(Method.java:566)
	at org.gradle.internal.dispatch.ReflectionDispatch.dispatch(ReflectionDispatch.java:36)
	at org.gradle.internal.dispatch.ReflectionDispatch.dispatch(ReflectionDispatch.java:24)
	at org.gradle.internal.dispatch.ContextClassLoaderDispatch.dispatch(ContextClassLoaderDispatch.java:33)
	at org.gradle.internal.dispatch.ProxyDispatchAdapter$DispatchingInvocationHandler.invoke(ProxyDispatchAdapter.java:94)
	at com.sun.proxy.$Proxy2.stop(Unknown Source)
	at org.gradle.api.internal.tasks.testing.worker.TestWorker$3.run(TestWorker.java:193)
	at org.gradle.api.internal.tasks.testing.worker.TestWorker.executeAndMaintainThreadName(TestWorker.java:129)
	at org.gradle.api.internal.tasks.testing.worker.TestWorker.execute(TestWorker.java:100)
	at org.gradle.api.internal.tasks.testing.worker.TestWorker.execute(TestWorker.java:60)
	at org.gradle.process.internal.worker.child.ActionExecutionWorker.execute(ActionExecutionWorker.java:56)
	at org.gradle.process.internal.worker.child.SystemApplicationClassLoaderWorker.call(SystemApplicationClassLoaderWorker.java:133)
	at org.gradle.process.internal.worker.child.SystemApplicationClassLoaderWorker.call(SystemApplicationClassLoaderWorker.java:71)
	at app//worker.org.gradle.process.internal.worker.GradleWorkerMain.run(GradleWorkerMain.java:69)
	at app//worker.org.gradle.process.internal.worker.GradleWorkerMain.main(GradleWorkerMain.java:74)
Caused by: org.apache.kafka.common.errors.TimeoutException: Topic topicexample not present in metadata after 60000 ms.
</failure>
  </testcase>
  <system-out><![CDATA[16:00:58.476 [Test worker] DEBUG org.springframework.test.context.BootstrapUtils - Instantiating CacheAwareContextLoaderDelegate from class [org.springframework.test.context.cache.DefaultCacheAwareContextLoaderDelegate]
16:00:58.485 [Test worker] DEBUG org.springframework.test.context.BootstrapUtils - Instantiating BootstrapContext using constructor [public org.springframework.test.context.support.DefaultBootstrapContext(java.lang.Class,org.springframework.test.context.CacheAwareContextLoaderDelegate)]
16:00:58.523 [Test worker] DEBUG org.springframework.test.context.BootstrapUtils - Instantiating TestContextBootstrapper for test class [com.tests.integration.integrationtests.TestKafka] from class [org.springframework.boot.test.context.SpringBootTestContextBootstrapper]
16:00:58.538 [Test worker] INFO org.springframework.boot.test.context.SpringBootTestContextBootstrapper - Neither @ContextConfiguration nor @ContextHierarchy found for test class [com.tests.integration.integrationtests.TestKafka], using SpringBootContextLoader
16:00:58.543 [Test worker] DEBUG org.springframework.test.context.support.AbstractContextLoader - Did not detect default resource location for test class [com.tests.integration.integrationtests.TestKafka]: class path resource [com/tests/integration/integrationtests/TestKafka-context.xml] does not exist
16:00:58.544 [Test worker] DEBUG org.springframework.test.context.support.AbstractContextLoader - Did not detect default resource location for test class [com.tests.integration.integrationtests.TestKafka]: class path resource [com/tests/integration/integrationtests/TestKafkaContext.groovy] does not exist
16:00:58.545 [Test worker] INFO org.springframework.test.context.support.AbstractContextLoader - Could not detect default resource locations for test class [com.tests.integration.integrationtests.TestKafka]: no resource found for suffixes {-context.xml, Context.groovy}.
16:00:58.546 [Test worker] INFO org.springframework.test.context.support.AnnotationConfigContextLoaderUtils - Could not detect default configuration classes for test class [com.tests.integration.integrationtests.TestKafka]: TestKafka does not declare any static, non-private, non-final, nested classes annotated with @Configuration.
16:00:58.666 [Test worker] DEBUG org.springframework.context.annotation.ClassPathScanningCandidateComponentProvider - Identified candidate component class: file [/home/maandre/Desktop/Estudos/TestContainer/projeto/integration/build/classes/java/main/com/tests/integration/IntegrationtestingApplication.class]
16:00:58.667 [Test worker] INFO org.springframework.boot.test.context.SpringBootTestContextBootstrapper - Found @SpringBootConfiguration com.tests.integration.IntegrationtestingApplication for test class com.tests.integration.integrationtests.TestKafka
16:00:58.751 [Test worker] DEBUG org.springframework.boot.test.context.SpringBootTestContextBootstrapper - @TestExecutionListeners is not present for class [com.tests.integration.integrationtests.TestKafka]: using defaults.
16:00:58.751 [Test worker] INFO org.springframework.boot.test.context.SpringBootTestContextBootstrapper - Loaded default TestExecutionListener class names from location [META-INF/spring.factories]: [org.springframework.boot.test.autoconfigure.restdocs.RestDocsTestExecutionListener, org.springframework.boot.test.autoconfigure.web.client.MockRestServiceServerResetTestExecutionListener, org.springframework.boot.test.autoconfigure.web.servlet.MockMvcPrintOnlyOnFailureTestExecutionListener, org.springframework.boot.test.autoconfigure.web.servlet.WebDriverTestExecutionListener, org.springframework.boot.test.autoconfigure.webservices.client.MockWebServiceServerTestExecutionListener, org.springframework.boot.test.mock.mockito.MockitoTestExecutionListener, org.springframework.boot.test.mock.mockito.ResetMocksTestExecutionListener, org.springframework.test.context.web.ServletTestExecutionListener, org.springframework.test.context.support.DirtiesContextBeforeModesTestExecutionListener, org.springframework.test.context.event.ApplicationEventsTestExecutionListener, org.springframework.test.context.support.DependencyInjectionTestExecutionListener, org.springframework.test.context.support.DirtiesContextTestExecutionListener, org.springframework.test.context.transaction.TransactionalTestExecutionListener, org.springframework.test.context.jdbc.SqlScriptsTestExecutionListener, org.springframework.test.context.event.EventPublishingTestExecutionListener]
16:00:58.758 [Test worker] DEBUG org.springframework.boot.test.context.SpringBootTestContextBootstrapper - Skipping candidate TestExecutionListener [org.springframework.test.context.web.ServletTestExecutionListener] due to a missing dependency. Specify custom listener classes or make the default listener classes and their required dependencies available. Offending class: [javax/servlet/ServletContext]
16:00:58.764 [Test worker] INFO org.springframework.boot.test.context.SpringBootTestContextBootstrapper - Using TestExecutionListeners: [org.springframework.test.context.support.DirtiesContextBeforeModesTestExecutionListener@7db82169, org.springframework.test.context.event.ApplicationEventsTestExecutionListener@1992eaf4, org.springframework.boot.test.mock.mockito.MockitoTestExecutionListener@f74e835, org.springframework.boot.test.autoconfigure.SpringBootDependencyInjectionTestExecutionListener@3276732, org.springframework.test.context.support.DirtiesContextTestExecutionListener@3f28bd56, org.springframework.test.context.transaction.TransactionalTestExecutionListener@31e3250d, org.springframework.test.context.jdbc.SqlScriptsTestExecutionListener@19fe4644, org.springframework.test.context.event.EventPublishingTestExecutionListener@21d8bcbe, org.springframework.boot.test.autoconfigure.restdocs.RestDocsTestExecutionListener@5be067de, org.springframework.boot.test.autoconfigure.web.client.MockRestServiceServerResetTestExecutionListener@7383eae2, org.springframework.boot.test.autoconfigure.web.servlet.MockMvcPrintOnlyOnFailureTestExecutionListener@18245eb0, org.springframework.boot.test.autoconfigure.web.servlet.WebDriverTestExecutionListener@7c7d3c46, org.springframework.boot.test.autoconfigure.webservices.client.MockWebServiceServerTestExecutionListener@24fb6a80, org.springframework.boot.test.mock.mockito.ResetMocksTestExecutionListener@48c35007]
16:00:58.767 [Test worker] DEBUG org.springframework.test.context.support.AbstractDirtiesContextTestExecutionListener - Before test class: context [DefaultTestContext@297ea53a testClass = TestKafka, testInstance = [null], testMethod = [null], testException = [null], mergedContextConfiguration = [MergedContextConfiguration@acb0951 testClass = TestKafka, locations = '{}', classes = '{class com.tests.integration.IntegrationtestingApplication}', contextInitializerClasses = '[]', activeProfiles = '{test}', propertySourceLocations = '{}', propertySourceProperties = '{org.springframework.boot.test.context.SpringBootTestContextBootstrapper=true}', contextCustomizers = set[org.springframework.boot.test.autoconfigure.actuate.metrics.MetricsExportContextCustomizerFactory$DisableMetricExportContextCustomizer@10cf09e8, org.springframework.boot.test.autoconfigure.properties.PropertyMappingContextCustomizer@0, org.springframework.boot.test.autoconfigure.web.servlet.WebDriverContextCustomizerFactory$Customizer@535779e4, org.springframework.boot.test.context.filter.ExcludeFilterContextCustomizer@5dcb4f5f, org.springframework.boot.test.json.DuplicateJsonObjectContextCustomizerFactory$DuplicateJsonObjectContextCustomizer@47f9738, org.springframework.boot.test.mock.mockito.MockitoContextCustomizer@0, org.springframework.boot.test.web.client.TestRestTemplateContextCustomizer@3a0baae5, org.springframework.boot.test.context.SpringBootTestArgs@1, org.springframework.boot.test.context.SpringBootTestWebEnvironment@4944252c], contextLoader = 'org.springframework.boot.test.context.SpringBootContextLoader', parent = [null]], attributes = map[[empty]]], class annotated with @DirtiesContext [true] with mode [AFTER_CLASS].
16:00:58.777 [Test worker] DEBUG org.springframework.test.context.support.DependencyInjectionTestExecutionListener - Performing dependency injection for test context [[DefaultTestContext@297ea53a testClass = TestKafka, testInstance = com.tests.integration.integrationtests.TestKafka@4fad94a7, testMethod = [null], testException = [null], mergedContextConfiguration = [MergedContextConfiguration@acb0951 testClass = TestKafka, locations = '{}', classes = '{class com.tests.integration.IntegrationtestingApplication}', contextInitializerClasses = '[]', activeProfiles = '{test}', propertySourceLocations = '{}', propertySourceProperties = '{org.springframework.boot.test.context.SpringBootTestContextBootstrapper=true}', contextCustomizers = set[org.springframework.boot.test.autoconfigure.actuate.metrics.MetricsExportContextCustomizerFactory$DisableMetricExportContextCustomizer@10cf09e8, org.springframework.boot.test.autoconfigure.properties.PropertyMappingContextCustomizer@0, org.springframework.boot.test.autoconfigure.web.servlet.WebDriverContextCustomizerFactory$Customizer@535779e4, org.springframework.boot.test.context.filter.ExcludeFilterContextCustomizer@5dcb4f5f, org.springframework.boot.test.json.DuplicateJsonObjectContextCustomizerFactory$DuplicateJsonObjectContextCustomizer@47f9738, org.springframework.boot.test.mock.mockito.MockitoContextCustomizer@0, org.springframework.boot.test.web.client.TestRestTemplateContextCustomizer@3a0baae5, org.springframework.boot.test.context.SpringBootTestArgs@1, org.springframework.boot.test.context.SpringBootTestWebEnvironment@4944252c], contextLoader = 'org.springframework.boot.test.context.SpringBootContextLoader', parent = [null]], attributes = map['org.springframework.test.context.event.ApplicationEventsTestExecutionListener.recordApplicationEvents' -> false]]].

  .   ____          _            __ _ _
 /\\ / ___'_ __ _ _(_)_ __  __ _ \ \ \ \
( ( )\___ | '_ | '_| | '_ \/ _` | \ \ \ \
 \\/  ___)| |_)| | | | | || (_| |  ) ) ) )
  '  |____| .__|_| |_|_| |_\__, | / / / /
 =========|_|==============|___/=/_/_/_/
 :: Spring Boot ::                (v2.7.0)

2022-08-26 16:00:59.142  INFO 28056 --- [    Test worker] c.t.i.integrationtests.TestKafka         : Starting TestKafka using Java 11.0.15 on ni-54232-1p with PID 28056 (started by maandre in /home/maandre/Desktop/Estudos/TestContainer/projeto/integration)
2022-08-26 16:00:59.143  INFO 28056 --- [    Test worker] c.t.i.integrationtests.TestKafka         : The following 1 profile is active: "test"
2022-08-26 16:00:59.659  INFO 28056 --- [    Test worker] .s.d.r.c.RepositoryConfigurationDelegate : Bootstrapping Spring Data JPA repositories in DEFAULT mode.
2022-08-26 16:00:59.716  INFO 28056 --- [    Test worker] .s.d.r.c.RepositoryConfigurationDelegate : Finished Spring Data repository scanning in 48 ms. Found 1 JPA repository interfaces.
2022-08-26 16:00:59.717  INFO 28056 --- [    Test worker] .s.d.r.c.RepositoryConfigurationDelegate : Bootstrapping Spring Data JPA repositories in DEFAULT mode.
2022-08-26 16:00:59.725  INFO 28056 --- [    Test worker] .s.d.r.c.RepositoryConfigurationDelegate : Finished Spring Data repository scanning in 7 ms. Found 1 JPA repository interfaces.
2022-08-26 16:01:00.214 DEBUG 28056 --- [    Test worker] com.zaxxer.hikari.HikariConfig           : Driver class org.testcontainers.jdbc.ContainerDatabaseDriver found in Thread context class loader jdk.internal.loader.ClassLoaders$AppClassLoader@5ffd2b27
2022-08-26 16:01:00.431  INFO 28056 --- [    Test worker] o.hibernate.jpa.internal.util.LogHelper  : HHH000204: Processing PersistenceUnitInfo [name: default]
2022-08-26 16:01:00.498  INFO 28056 --- [    Test worker] org.hibernate.Version                    : HHH000412: Hibernate ORM core version 5.6.9.Final
2022-08-26 16:01:00.686  INFO 28056 --- [    Test worker] o.hibernate.annotations.common.Version   : HCANN000001: Hibernate Commons Annotations {5.1.2.Final}
2022-08-26 16:01:00.862 DEBUG 28056 --- [    Test worker] com.zaxxer.hikari.HikariConfig           : HikariPool-1 - configuration:
2022-08-26 16:01:00.865 DEBUG 28056 --- [    Test worker] com.zaxxer.hikari.HikariConfig           : allowPoolSuspension................................false
2022-08-26 16:01:00.866 DEBUG 28056 --- [    Test worker] com.zaxxer.hikari.HikariConfig           : autoCommit................................true
2022-08-26 16:01:00.866 DEBUG 28056 --- [    Test worker] com.zaxxer.hikari.HikariConfig           : catalog................................none
2022-08-26 16:01:00.866 DEBUG 28056 --- [    Test worker] com.zaxxer.hikari.HikariConfig           : connectionInitSql................................none
2022-08-26 16:01:00.866 DEBUG 28056 --- [    Test worker] com.zaxxer.hikari.HikariConfig           : connectionTestQuery................................none
2022-08-26 16:01:00.866 DEBUG 28056 --- [    Test worker] com.zaxxer.hikari.HikariConfig           : connectionTimeout................................10000
2022-08-26 16:01:00.866 DEBUG 28056 --- [    Test worker] com.zaxxer.hikari.HikariConfig           : dataSource................................none
2022-08-26 16:01:00.867 DEBUG 28056 --- [    Test worker] com.zaxxer.hikari.HikariConfig           : dataSourceClassName................................none
2022-08-26 16:01:00.867 DEBUG 28056 --- [    Test worker] com.zaxxer.hikari.HikariConfig           : dataSourceJNDI................................none
2022-08-26 16:01:00.867 DEBUG 28056 --- [    Test worker] com.zaxxer.hikari.HikariConfig           : dataSourceProperties................................{password=<masked>}
2022-08-26 16:01:00.868 DEBUG 28056 --- [    Test worker] com.zaxxer.hikari.HikariConfig           : driverClassName................................"org.testcontainers.jdbc.ContainerDatabaseDriver"
2022-08-26 16:01:00.868 DEBUG 28056 --- [    Test worker] com.zaxxer.hikari.HikariConfig           : exceptionOverrideClassName................................none
2022-08-26 16:01:00.868 DEBUG 28056 --- [    Test worker] com.zaxxer.hikari.HikariConfig           : healthCheckProperties................................{}
2022-08-26 16:01:00.868 DEBUG 28056 --- [    Test worker] com.zaxxer.hikari.HikariConfig           : healthCheckRegistry................................none
2022-08-26 16:01:00.868 DEBUG 28056 --- [    Test worker] com.zaxxer.hikari.HikariConfig           : idleTimeout................................600000
2022-08-26 16:01:00.869 DEBUG 28056 --- [    Test worker] com.zaxxer.hikari.HikariConfig           : initializationFailTimeout................................1
2022-08-26 16:01:00.869 DEBUG 28056 --- [    Test worker] com.zaxxer.hikari.HikariConfig           : isolateInternalQueries................................false
2022-08-26 16:01:00.869 DEBUG 28056 --- [    Test worker] com.zaxxer.hikari.HikariConfig           : jdbcUrl................................jdbc:tc:oracle:18.4.0-slim:///xe?TC_INITSCRIPT=file:src/test/resources/__files/scripts/init.sql&TC_DAEMON=true
2022-08-26 16:01:00.869 DEBUG 28056 --- [    Test worker] com.zaxxer.hikari.HikariConfig           : keepaliveTime................................0
2022-08-26 16:01:00.870 DEBUG 28056 --- [    Test worker] com.zaxxer.hikari.HikariConfig           : leakDetectionThreshold................................0
2022-08-26 16:01:00.870 DEBUG 28056 --- [    Test worker] com.zaxxer.hikari.HikariConfig           : maxLifetime................................1800000
2022-08-26 16:01:00.870 DEBUG 28056 --- [    Test worker] com.zaxxer.hikari.HikariConfig           : maximumPoolSize................................10
2022-08-26 16:01:00.870 DEBUG 28056 --- [    Test worker] com.zaxxer.hikari.HikariConfig           : metricRegistry................................none
2022-08-26 16:01:00.870 DEBUG 28056 --- [    Test worker] com.zaxxer.hikari.HikariConfig           : metricsTrackerFactory................................none
2022-08-26 16:01:00.870 DEBUG 28056 --- [    Test worker] com.zaxxer.hikari.HikariConfig           : minimumIdle................................1
2022-08-26 16:01:00.871 DEBUG 28056 --- [    Test worker] com.zaxxer.hikari.HikariConfig           : password................................<masked>
2022-08-26 16:01:00.871 DEBUG 28056 --- [    Test worker] com.zaxxer.hikari.HikariConfig           : poolName................................"HikariPool-1"
2022-08-26 16:01:00.871 DEBUG 28056 --- [    Test worker] com.zaxxer.hikari.HikariConfig           : readOnly................................false
2022-08-26 16:01:00.871 DEBUG 28056 --- [    Test worker] com.zaxxer.hikari.HikariConfig           : registerMbeans................................false
2022-08-26 16:01:00.872 DEBUG 28056 --- [    Test worker] com.zaxxer.hikari.HikariConfig           : scheduledExecutor................................none
2022-08-26 16:01:00.872 DEBUG 28056 --- [    Test worker] com.zaxxer.hikari.HikariConfig           : schema................................none
2022-08-26 16:01:00.872 DEBUG 28056 --- [    Test worker] com.zaxxer.hikari.HikariConfig           : threadFactory................................internal
2022-08-26 16:01:00.872 DEBUG 28056 --- [    Test worker] com.zaxxer.hikari.HikariConfig           : transactionIsolation................................default
2022-08-26 16:01:00.872 DEBUG 28056 --- [    Test worker] com.zaxxer.hikari.HikariConfig           : username................................"test"
2022-08-26 16:01:00.872 DEBUG 28056 --- [    Test worker] com.zaxxer.hikari.HikariConfig           : validationTimeout................................5000
2022-08-26 16:01:00.873  INFO 28056 --- [    Test worker] com.zaxxer.hikari.HikariDataSource       : HikariPool-1 - Starting...
2022-08-26 16:01:01.057  INFO 28056 --- [    Test worker] o.t.utility.ImageNameSubstitutor         : Image name substitution will be performed by: DefaultImageNameSubstitutor (composite of 'ConfigurationFileImageNameSubstitutor' and 'PrefixingImageNameSubstitutor')
2022-08-26 16:01:01.088  INFO 28056 --- [    Test worker] o.t.d.DockerClientProviderStrategy       : Loaded org.testcontainers.dockerclient.UnixSocketClientProviderStrategy from ~/.testcontainers.properties, will try it first
2022-08-26 16:01:01.722  INFO 28056 --- [    Test worker] o.t.d.DockerClientProviderStrategy       : Found Docker environment with local Unix socket (unix:///var/run/docker.sock)
2022-08-26 16:01:01.724  INFO 28056 --- [    Test worker] org.testcontainers.DockerClientFactory   : Docker host IP address is localhost
2022-08-26 16:01:01.741  INFO 28056 --- [    Test worker] org.testcontainers.DockerClientFactory   : Connected to docker: 
  Server Version: 20.10.7
  API Version: 1.41
  Operating System: Ubuntu 18.04.5 LTS
  Total Memory: 15714 MB
2022-08-26 16:01:01.785  INFO 28056 --- [    Test worker] ]]>&#x1f433;<![CDATA[ [testcontainers/ryuk:0.3.3]           : Creating container for image: testcontainers/ryuk:0.3.3
2022-08-26 16:01:01.796  INFO 28056 --- [    Test worker] o.t.utility.RegistryAuthLocator          : Failure when attempting to lookup auth config. Please ignore if you don't have images in an authenticated registry. Details: (dockerImageName: testcontainers/ryuk:0.3.3, configFile: /home/maandre/.docker/config.json. Falling back to docker-java default behaviour. Exception message: /home/maandre/.docker/config.json (No such file or directory)
2022-08-26 16:01:01.963  INFO 28056 --- [    Test worker] ]]>&#x1f433;<![CDATA[ [testcontainers/ryuk:0.3.3]           : Container testcontainers/ryuk:0.3.3 is starting: eec960b110fdfced9714845e1c94b9f32a4b44c75d348bd1b3a788ea94490a6c
2022-08-26 16:01:02.467  INFO 28056 --- [    Test worker] ]]>&#x1f433;<![CDATA[ [testcontainers/ryuk:0.3.3]           : Container testcontainers/ryuk:0.3.3 started in PT0.715315S
2022-08-26 16:01:02.473  INFO 28056 --- [    Test worker] o.t.utility.RyukResourceReaper           : Ryuk started - will monitor and terminate Testcontainers containers on JVM exit
2022-08-26 16:01:02.473  INFO 28056 --- [    Test worker] org.testcontainers.DockerClientFactory   : Checking the system...
2022-08-26 16:01:02.474  INFO 28056 --- [    Test worker] org.testcontainers.DockerClientFactory   : ✔︎ Docker server version should be at least 1.6.0
2022-08-26 16:01:02.474  INFO 28056 --- [    Test worker] ]]>&#x1f433;<![CDATA[ [gvenzl/oracle-xe:18.4.0-slim]        : Creating container for image: gvenzl/oracle-xe:18.4.0-slim
2022-08-26 16:01:02.523  INFO 28056 --- [    Test worker] ]]>&#x1f433;<![CDATA[ [gvenzl/oracle-xe:18.4.0-slim]        : Container gvenzl/oracle-xe:18.4.0-slim is starting: 6969cb4b825aac8656fab8e24d47ef3f010eb95ee8b249a61debeaca8211dc5d
2022-08-26 16:01:32.036  INFO 28056 --- [    Test worker] ]]>&#x1f433;<![CDATA[ [gvenzl/oracle-xe:18.4.0-slim]        : Container gvenzl/oracle-xe:18.4.0-slim started in PT29.561377S
2022-08-26 16:01:32.458  INFO 28056 --- [    Test worker] org.testcontainers.ext.ScriptUtils       : Executing database script from file:src/test/resources/__files/scripts/init.sql
2022-08-26 16:01:32.702  INFO 28056 --- [    Test worker] org.testcontainers.ext.ScriptUtils       : Executed database script from file:src/test/resources/__files/scripts/init.sql in 243 ms.
2022-08-26 16:01:32.707 DEBUG 28056 --- [    Test worker] com.zaxxer.hikari.pool.HikariPool        : HikariPool-1 - Added connection org.testcontainers.jdbc.ConnectionWrapper@3fd9e01c
2022-08-26 16:01:32.709  INFO 28056 --- [    Test worker] com.zaxxer.hikari.HikariDataSource       : HikariPool-1 - Start completed.
2022-08-26 16:01:32.734  INFO 28056 --- [    Test worker] org.hibernate.dialect.Dialect            : HHH000400: Using dialect: org.hibernate.dialect.Oracle12cDialect
2022-08-26 16:01:32.809 DEBUG 28056 --- [l-1 housekeeper] com.zaxxer.hikari.pool.HikariPool        : HikariPool-1 - Before cleanup stats (total=1, active=1, idle=0, waiting=0)
2022-08-26 16:01:32.811 DEBUG 28056 --- [l-1 housekeeper] com.zaxxer.hikari.pool.HikariPool        : HikariPool-1 - After cleanup  stats (total=1, active=1, idle=0, waiting=0)
2022-08-26 16:01:32.861 DEBUG 28056 --- [onnection adder] com.zaxxer.hikari.pool.HikariPool        : HikariPool-1 - Added connection org.testcontainers.jdbc.ConnectionWrapper@619d6cd0
2022-08-26 16:01:32.862 DEBUG 28056 --- [onnection adder] com.zaxxer.hikari.pool.HikariPool        : HikariPool-1 - After adding stats (total=2, active=1, idle=1, waiting=0)
2022-08-26 16:01:33.477  INFO 28056 --- [    Test worker] o.h.e.t.j.p.i.JtaPlatformInitiator       : HHH000490: Using JtaPlatform implementation: [org.hibernate.engine.transaction.jta.platform.internal.NoJtaPlatform]
2022-08-26 16:01:33.485  INFO 28056 --- [    Test worker] j.LocalContainerEntityManagerFactoryBean : Initialized JPA EntityManagerFactory for persistence unit 'default'
2022-08-26 16:01:33.497 DEBUG 28056 --- [    Test worker] com.zaxxer.hikari.HikariConfig           : Driver class org.testcontainers.jdbc.ContainerDatabaseDriver found in Thread context class loader jdk.internal.loader.ClassLoaders$AppClassLoader@5ffd2b27
2022-08-26 16:01:33.511  INFO 28056 --- [    Test worker] o.hibernate.jpa.internal.util.LogHelper  : HHH000204: Processing PersistenceUnitInfo [name: default]
2022-08-26 16:01:33.521 DEBUG 28056 --- [    Test worker] com.zaxxer.hikari.HikariConfig           : HikariPool-2 - configuration:
2022-08-26 16:01:33.522 DEBUG 28056 --- [    Test worker] com.zaxxer.hikari.HikariConfig           : allowPoolSuspension................................false
2022-08-26 16:01:33.522 DEBUG 28056 --- [    Test worker] com.zaxxer.hikari.HikariConfig           : autoCommit................................true
2022-08-26 16:01:33.522 DEBUG 28056 --- [    Test worker] com.zaxxer.hikari.HikariConfig           : catalog................................none
2022-08-26 16:01:33.522 DEBUG 28056 --- [    Test worker] com.zaxxer.hikari.HikariConfig           : connectionInitSql................................none
2022-08-26 16:01:33.522 DEBUG 28056 --- [    Test worker] com.zaxxer.hikari.HikariConfig           : connectionTestQuery................................none
2022-08-26 16:01:33.522 DEBUG 28056 --- [    Test worker] com.zaxxer.hikari.HikariConfig           : connectionTimeout................................10000
2022-08-26 16:01:33.522 DEBUG 28056 --- [    Test worker] com.zaxxer.hikari.HikariConfig           : dataSource................................none
2022-08-26 16:01:33.522 DEBUG 28056 --- [    Test worker] com.zaxxer.hikari.HikariConfig           : dataSourceClassName................................none
2022-08-26 16:01:33.522 DEBUG 28056 --- [    Test worker] com.zaxxer.hikari.HikariConfig           : dataSourceJNDI................................none
2022-08-26 16:01:33.522 DEBUG 28056 --- [    Test worker] com.zaxxer.hikari.HikariConfig           : dataSourceProperties................................{password=<masked>}
2022-08-26 16:01:33.523 DEBUG 28056 --- [    Test worker] com.zaxxer.hikari.HikariConfig           : driverClassName................................"org.testcontainers.jdbc.ContainerDatabaseDriver"
2022-08-26 16:01:33.523 DEBUG 28056 --- [    Test worker] com.zaxxer.hikari.HikariConfig           : exceptionOverrideClassName................................none
2022-08-26 16:01:33.523 DEBUG 28056 --- [    Test worker] com.zaxxer.hikari.HikariConfig           : healthCheckProperties................................{}
2022-08-26 16:01:33.523 DEBUG 28056 --- [    Test worker] com.zaxxer.hikari.HikariConfig           : healthCheckRegistry................................none
2022-08-26 16:01:33.523 DEBUG 28056 --- [    Test worker] com.zaxxer.hikari.HikariConfig           : idleTimeout................................600000
2022-08-26 16:01:33.523 DEBUG 28056 --- [    Test worker] com.zaxxer.hikari.HikariConfig           : initializationFailTimeout................................1
2022-08-26 16:01:33.523 DEBUG 28056 --- [    Test worker] com.zaxxer.hikari.HikariConfig           : isolateInternalQueries................................false
2022-08-26 16:01:33.523 DEBUG 28056 --- [    Test worker] com.zaxxer.hikari.HikariConfig           : jdbcUrl................................jdbc:tc:oracle:18.4.0-slim:///dbtest?TC_INITSCRIPT=file:src/test/resources/__files/scripts/db.sql&TC_DAEMON=true
2022-08-26 16:01:33.523 DEBUG 28056 --- [    Test worker] com.zaxxer.hikari.HikariConfig           : keepaliveTime................................0
2022-08-26 16:01:33.523 DEBUG 28056 --- [    Test worker] com.zaxxer.hikari.HikariConfig           : leakDetectionThreshold................................0
2022-08-26 16:01:33.523 DEBUG 28056 --- [    Test worker] com.zaxxer.hikari.HikariConfig           : maxLifetime................................1800000
2022-08-26 16:01:33.524 DEBUG 28056 --- [    Test worker] com.zaxxer.hikari.HikariConfig           : maximumPoolSize................................10
2022-08-26 16:01:33.524 DEBUG 28056 --- [    Test worker] com.zaxxer.hikari.HikariConfig           : metricRegistry................................none
2022-08-26 16:01:33.524 DEBUG 28056 --- [    Test worker] com.zaxxer.hikari.HikariConfig           : metricsTrackerFactory................................none
2022-08-26 16:01:33.524 DEBUG 28056 --- [    Test worker] com.zaxxer.hikari.HikariConfig           : minimumIdle................................1
2022-08-26 16:01:33.524 DEBUG 28056 --- [    Test worker] com.zaxxer.hikari.HikariConfig           : password................................<masked>
2022-08-26 16:01:33.524 DEBUG 28056 --- [    Test worker] com.zaxxer.hikari.HikariConfig           : poolName................................"HikariPool-2"
2022-08-26 16:01:33.524 DEBUG 28056 --- [    Test worker] com.zaxxer.hikari.HikariConfig           : readOnly................................false
2022-08-26 16:01:33.524 DEBUG 28056 --- [    Test worker] com.zaxxer.hikari.HikariConfig           : registerMbeans................................false
2022-08-26 16:01:33.524 DEBUG 28056 --- [    Test worker] com.zaxxer.hikari.HikariConfig           : scheduledExecutor................................none
2022-08-26 16:01:33.524 DEBUG 28056 --- [    Test worker] com.zaxxer.hikari.HikariConfig           : schema................................none
2022-08-26 16:01:33.524 DEBUG 28056 --- [    Test worker] com.zaxxer.hikari.HikariConfig           : threadFactory................................internal
2022-08-26 16:01:33.525 DEBUG 28056 --- [    Test worker] com.zaxxer.hikari.HikariConfig           : transactionIsolation................................default
2022-08-26 16:01:33.525 DEBUG 28056 --- [    Test worker] com.zaxxer.hikari.HikariConfig           : username................................"qa"
2022-08-26 16:01:33.525 DEBUG 28056 --- [    Test worker] com.zaxxer.hikari.HikariConfig           : validationTimeout................................5000
2022-08-26 16:01:33.525  INFO 28056 --- [    Test worker] com.zaxxer.hikari.HikariDataSource       : HikariPool-2 - Starting...
2022-08-26 16:01:33.526  INFO 28056 --- [    Test worker] ]]>&#x1f433;<![CDATA[ [gvenzl/oracle-xe:18.4.0-slim]        : Creating container for image: gvenzl/oracle-xe:18.4.0-slim
2022-08-26 16:01:33.648  INFO 28056 --- [    Test worker] ]]>&#x1f433;<![CDATA[ [gvenzl/oracle-xe:18.4.0-slim]        : Container gvenzl/oracle-xe:18.4.0-slim is starting: 480a44960abb974ed2a489c12f74d46b52522f3a78978cf9cd7da4640dad5d1b
2022-08-26 16:02:02.812 DEBUG 28056 --- [l-1 housekeeper] com.zaxxer.hikari.pool.HikariPool        : HikariPool-1 - Before cleanup stats (total=2, active=0, idle=2, waiting=0)
2022-08-26 16:02:02.813 DEBUG 28056 --- [l-1 housekeeper] com.zaxxer.hikari.pool.HikariPool        : HikariPool-1 - After cleanup  stats (total=2, active=0, idle=2, waiting=0)
2022-08-26 16:02:02.813 DEBUG 28056 --- [l-1 housekeeper] com.zaxxer.hikari.pool.HikariPool        : HikariPool-1 - Fill pool skipped, pool is at sufficient level.
2022-08-26 16:02:04.255  INFO 28056 --- [    Test worker] ]]>&#x1f433;<![CDATA[ [gvenzl/oracle-xe:18.4.0-slim]        : Container gvenzl/oracle-xe:18.4.0-slim started in PT30.729612S
2022-08-26 16:02:04.331  INFO 28056 --- [    Test worker] org.testcontainers.ext.ScriptUtils       : Executing database script from file:src/test/resources/__files/scripts/db.sql
2022-08-26 16:02:04.439  INFO 28056 --- [    Test worker] org.testcontainers.ext.ScriptUtils       : Executed database script from file:src/test/resources/__files/scripts/db.sql in 108 ms.
2022-08-26 16:02:04.440 DEBUG 28056 --- [    Test worker] com.zaxxer.hikari.pool.HikariPool        : HikariPool-2 - Added connection org.testcontainers.jdbc.ConnectionWrapper@2d94279f
2022-08-26 16:02:04.440  INFO 28056 --- [    Test worker] com.zaxxer.hikari.HikariDataSource       : HikariPool-2 - Start completed.
2022-08-26 16:02:04.440  INFO 28056 --- [    Test worker] org.hibernate.dialect.Dialect            : HHH000400: Using dialect: org.hibernate.dialect.Oracle12cDialect
2022-08-26 16:02:04.480  INFO 28056 --- [    Test worker] o.h.e.t.j.p.i.JtaPlatformInitiator       : HHH000490: Using JtaPlatform implementation: [org.hibernate.engine.transaction.jta.platform.internal.NoJtaPlatform]
2022-08-26 16:02:04.480  INFO 28056 --- [    Test worker] j.LocalContainerEntityManagerFactoryBean : Initialized JPA EntityManagerFactory for persistence unit 'default'
2022-08-26 16:02:04.540 DEBUG 28056 --- [l-2 housekeeper] com.zaxxer.hikari.pool.HikariPool        : HikariPool-2 - Before cleanup stats (total=1, active=0, idle=1, waiting=0)
2022-08-26 16:02:04.540 DEBUG 28056 --- [l-2 housekeeper] com.zaxxer.hikari.pool.HikariPool        : HikariPool-2 - After cleanup  stats (total=1, active=0, idle=1, waiting=0)
2022-08-26 16:02:04.541 DEBUG 28056 --- [l-2 housekeeper] com.zaxxer.hikari.pool.HikariPool        : HikariPool-2 - Fill pool skipped, pool is at sufficient level.
2022-08-26 16:02:05.430  INFO 28056 --- [    Test worker] o.a.k.clients.consumer.ConsumerConfig    : ConsumerConfig values: 
	allow.auto.create.topics = true
	auto.commit.interval.ms = 5000
	auto.offset.reset = latest
	bootstrap.servers = [localhost:9092]
	check.crcs = true
	client.dns.lookup = use_all_dns_ips
	client.id = kafkaexample-0
	client.rack = 
	connections.max.idle.ms = 540000
	default.api.timeout.ms = 60000
	enable.auto.commit = false
	exclude.internal.topics = true
	fetch.max.bytes = 52428800
	fetch.max.wait.ms = 500
	fetch.min.bytes = 1
	group.id = kafkaexample
	group.instance.id = null
	heartbeat.interval.ms = 3000
	interceptor.classes = []
	internal.leave.group.on.close = true
	internal.throw.on.fetch.stable.offset.unsupported = false
	isolation.level = read_uncommitted
	key.deserializer = class org.apache.kafka.common.serialization.StringDeserializer
	max.partition.fetch.bytes = 1048576
	max.poll.interval.ms = 300000
	max.poll.records = 500
	metadata.max.age.ms = 300000
	metric.reporters = []
	metrics.num.samples = 2
	metrics.recording.level = INFO
	metrics.sample.window.ms = 30000
	partition.assignment.strategy = [class org.apache.kafka.clients.consumer.RangeAssignor, class org.apache.kafka.clients.consumer.CooperativeStickyAssignor]
	receive.buffer.bytes = 65536
	reconnect.backoff.max.ms = 1000
	reconnect.backoff.ms = 50
	request.timeout.ms = 30000
	retry.backoff.ms = 100
	sasl.client.callback.handler.class = null
	sasl.jaas.config = null
	sasl.kerberos.kinit.cmd = /usr/bin/kinit
	sasl.kerberos.min.time.before.relogin = 60000
	sasl.kerberos.service.name = null
	sasl.kerberos.ticket.renew.jitter = 0.05
	sasl.kerberos.ticket.renew.window.factor = 0.8
	sasl.login.callback.handler.class = null
	sasl.login.class = null
	sasl.login.connect.timeout.ms = null
	sasl.login.read.timeout.ms = null
	sasl.login.refresh.buffer.seconds = 300
	sasl.login.refresh.min.period.seconds = 60
	sasl.login.refresh.window.factor = 0.8
	sasl.login.refresh.window.jitter = 0.05
	sasl.login.retry.backoff.max.ms = 10000
	sasl.login.retry.backoff.ms = 100
	sasl.mechanism = GSSAPI
	sasl.oauthbearer.clock.skew.seconds = 30
	sasl.oauthbearer.expected.audience = null
	sasl.oauthbearer.expected.issuer = null
	sasl.oauthbearer.jwks.endpoint.refresh.ms = 3600000
	sasl.oauthbearer.jwks.endpoint.retry.backoff.max.ms = 10000
	sasl.oauthbearer.jwks.endpoint.retry.backoff.ms = 100
	sasl.oauthbearer.jwks.endpoint.url = null
	sasl.oauthbearer.scope.claim.name = scope
	sasl.oauthbearer.sub.claim.name = sub
	sasl.oauthbearer.token.endpoint.url = null
	security.protocol = PLAINTEXT
	security.providers = null
	send.buffer.bytes = 131072
	session.timeout.ms = 45000
	socket.connection.setup.timeout.max.ms = 30000
	socket.connection.setup.timeout.ms = 10000
	ssl.cipher.suites = null
	ssl.enabled.protocols = [TLSv1.2, TLSv1.3]
	ssl.endpoint.identification.algorithm = https
	ssl.engine.factory.class = null
	ssl.key.password = null
	ssl.keymanager.algorithm = SunX509
	ssl.keystore.certificate.chain = null
	ssl.keystore.key = null
	ssl.keystore.location = null
	ssl.keystore.password = null
	ssl.keystore.type = JKS
	ssl.protocol = TLSv1.3
	ssl.provider = null
	ssl.secure.random.implementation = null
	ssl.trustmanager.algorithm = PKIX
	ssl.truststore.certificates = null
	ssl.truststore.location = null
	ssl.truststore.password = null
	ssl.truststore.type = JKS
	value.deserializer = class org.apache.kafka.common.serialization.StringDeserializer

2022-08-26 16:02:05.516  INFO 28056 --- [    Test worker] o.a.kafka.common.utils.AppInfoParser     : Kafka version: 3.1.1
2022-08-26 16:02:05.516  INFO 28056 --- [    Test worker] o.a.kafka.common.utils.AppInfoParser     : Kafka commitId: 97671528ba54a138
2022-08-26 16:02:05.516  INFO 28056 --- [    Test worker] o.a.kafka.common.utils.AppInfoParser     : Kafka startTimeMs: 1661540525514
2022-08-26 16:02:05.519  INFO 28056 --- [    Test worker] o.a.k.clients.consumer.KafkaConsumer     : [Consumer clientId=kafkaexample-0, groupId=kafkaexample] Subscribed to topic(s): topicexample
2022-08-26 16:02:05.534  INFO 28056 --- [    Test worker] c.t.i.integrationtests.TestKafka         : Started TestKafka in 66.737 seconds (JVM running for 67.948)
2022-08-26 16:02:05.679  INFO 28056 --- [    Test worker] c.t.i.c.k.c.KafkaContainerConfiguration  : > Setting the latest version of Kafka docker image... 
2022-08-26 16:02:05.681  INFO 28056 --- [    Test worker] ]]>&#x1f433;<![CDATA[ [confluentinc/cp-kafka:6.2.1]         : Creating container for image: confluentinc/cp-kafka:6.2.1
2022-08-26 16:02:05.764  INFO 28056 --- [    Test worker] ]]>&#x1f433;<![CDATA[ [confluentinc/cp-kafka:6.2.1]         : Container confluentinc/cp-kafka:6.2.1 is starting: 9345f50fb5a13494ccd8488dc9b8cf840566c559d04016370ee26567fca2eb48
2022-08-26 16:02:05.858  INFO 28056 --- [ntainer#0-0-C-1] org.apache.kafka.clients.NetworkClient   : [Consumer clientId=kafkaexample-0, groupId=kafkaexample] Node -1 disconnected.
2022-08-26 16:02:05.863  WARN 28056 --- [ntainer#0-0-C-1] org.apache.kafka.clients.NetworkClient   : [Consumer clientId=kafkaexample-0, groupId=kafkaexample] Connection to node -1 (localhost/127.0.0.1:9092) could not be established. Broker may not be available.
2022-08-26 16:02:05.864  WARN 28056 --- [ntainer#0-0-C-1] org.apache.kafka.clients.NetworkClient   : [Consumer clientId=kafkaexample-0, groupId=kafkaexample] Bootstrap broker localhost:9092 (id: -1 rack: null) disconnected
2022-08-26 16:02:05.959  INFO 28056 --- [ntainer#0-0-C-1] org.apache.kafka.clients.NetworkClient   : [Consumer clientId=kafkaexample-0, groupId=kafkaexample] Node -1 disconnected.
2022-08-26 16:02:05.959  WARN 28056 --- [ntainer#0-0-C-1] org.apache.kafka.clients.NetworkClient   : [Consumer clientId=kafkaexample-0, groupId=kafkaexample] Connection to node -1 (localhost/127.0.0.1:9092) could not be established. Broker may not be available.
2022-08-26 16:02:05.960  WARN 28056 --- [ntainer#0-0-C-1] org.apache.kafka.clients.NetworkClient   : [Consumer clientId=kafkaexample-0, groupId=kafkaexample] Bootstrap broker localhost:9092 (id: -1 rack: null) disconnected
2022-08-26 16:02:06.059  INFO 28056 --- [ntainer#0-0-C-1] org.apache.kafka.clients.NetworkClient   : [Consumer clientId=kafkaexample-0, groupId=kafkaexample] Node -1 disconnected.
2022-08-26 16:02:06.060  WARN 28056 --- [ntainer#0-0-C-1] org.apache.kafka.clients.NetworkClient   : [Consumer clientId=kafkaexample-0, groupId=kafkaexample] Connection to node -1 (localhost/127.0.0.1:9092) could not be established. Broker may not be available.
2022-08-26 16:02:06.060  WARN 28056 --- [ntainer#0-0-C-1] org.apache.kafka.clients.NetworkClient   : [Consumer clientId=kafkaexample-0, groupId=kafkaexample] Bootstrap broker localhost:9092 (id: -1 rack: null) disconnected
2022-08-26 16:02:06.260  INFO 28056 --- [ntainer#0-0-C-1] org.apache.kafka.clients.NetworkClient   : [Consumer clientId=kafkaexample-0, groupId=kafkaexample] Node -1 disconnected.
2022-08-26 16:02:06.261  WARN 28056 --- [ntainer#0-0-C-1] org.apache.kafka.clients.NetworkClient   : [Consumer clientId=kafkaexample-0, groupId=kafkaexample] Connection to node -1 (localhost/127.0.0.1:9092) could not be established. Broker may not be available.
2022-08-26 16:02:06.261  WARN 28056 --- [ntainer#0-0-C-1] org.apache.kafka.clients.NetworkClient   : [Consumer clientId=kafkaexample-0, groupId=kafkaexample] Bootstrap broker localhost:9092 (id: -1 rack: null) disconnected
2022-08-26 16:02:06.712  INFO 28056 --- [ntainer#0-0-C-1] org.apache.kafka.clients.NetworkClient   : [Consumer clientId=kafkaexample-0, groupId=kafkaexample] Node -1 disconnected.
2022-08-26 16:02:06.713  WARN 28056 --- [ntainer#0-0-C-1] org.apache.kafka.clients.NetworkClient   : [Consumer clientId=kafkaexample-0, groupId=kafkaexample] Connection to node -1 (localhost/127.0.0.1:9092) could not be established. Broker may not be available.
2022-08-26 16:02:06.713  WARN 28056 --- [ntainer#0-0-C-1] org.apache.kafka.clients.NetworkClient   : [Consumer clientId=kafkaexample-0, groupId=kafkaexample] Bootstrap broker localhost:9092 (id: -1 rack: null) disconnected
2022-08-26 16:02:07.617  INFO 28056 --- [ntainer#0-0-C-1] org.apache.kafka.clients.NetworkClient   : [Consumer clientId=kafkaexample-0, groupId=kafkaexample] Node -1 disconnected.
2022-08-26 16:02:07.617  WARN 28056 --- [ntainer#0-0-C-1] org.apache.kafka.clients.NetworkClient   : [Consumer clientId=kafkaexample-0, groupId=kafkaexample] Connection to node -1 (localhost/127.0.0.1:9092) could not be established. Broker may not be available.
2022-08-26 16:02:07.618  WARN 28056 --- [ntainer#0-0-C-1] org.apache.kafka.clients.NetworkClient   : [Consumer clientId=kafkaexample-0, groupId=kafkaexample] Bootstrap broker localhost:9092 (id: -1 rack: null) disconnected
2022-08-26 16:02:08.823  INFO 28056 --- [ntainer#0-0-C-1] org.apache.kafka.clients.NetworkClient   : [Consumer clientId=kafkaexample-0, groupId=kafkaexample] Node -1 disconnected.
2022-08-26 16:02:08.824  WARN 28056 --- [ntainer#0-0-C-1] org.apache.kafka.clients.NetworkClient   : [Consumer clientId=kafkaexample-0, groupId=kafkaexample] Connection to node -1 (localhost/127.0.0.1:9092) could not be established. Broker may not be available.
2022-08-26 16:02:08.824  WARN 28056 --- [ntainer#0-0-C-1] org.apache.kafka.clients.NetworkClient   : [Consumer clientId=kafkaexample-0, groupId=kafkaexample] Bootstrap broker localhost:9092 (id: -1 rack: null) disconnected
2022-08-26 16:02:09.728  INFO 28056 --- [ntainer#0-0-C-1] org.apache.kafka.clients.NetworkClient   : [Consumer clientId=kafkaexample-0, groupId=kafkaexample] Node -1 disconnected.
2022-08-26 16:02:09.729  WARN 28056 --- [ntainer#0-0-C-1] org.apache.kafka.clients.NetworkClient   : [Consumer clientId=kafkaexample-0, groupId=kafkaexample] Connection to node -1 (localhost/127.0.0.1:9092) could not be established. Broker may not be available.
2022-08-26 16:02:09.729  WARN 28056 --- [ntainer#0-0-C-1] org.apache.kafka.clients.NetworkClient   : [Consumer clientId=kafkaexample-0, groupId=kafkaexample] Bootstrap broker localhost:9092 (id: -1 rack: null) disconnected
2022-08-26 16:02:10.688  INFO 28056 --- [ntainer#0-0-C-1] org.apache.kafka.clients.NetworkClient   : [Consumer clientId=kafkaexample-0, groupId=kafkaexample] Node -1 disconnected.
2022-08-26 16:02:10.689  WARN 28056 --- [ntainer#0-0-C-1] org.apache.kafka.clients.NetworkClient   : [Consumer clientId=kafkaexample-0, groupId=kafkaexample] Connection to node -1 (localhost/127.0.0.1:9092) could not be established. Broker may not be available.
2022-08-26 16:02:10.689  WARN 28056 --- [ntainer#0-0-C-1] org.apache.kafka.clients.NetworkClient   : [Consumer clientId=kafkaexample-0, groupId=kafkaexample] Bootstrap broker localhost:9092 (id: -1 rack: null) disconnected
2022-08-26 16:02:11.593  INFO 28056 --- [ntainer#0-0-C-1] org.apache.kafka.clients.NetworkClient   : [Consumer clientId=kafkaexample-0, groupId=kafkaexample] Node -1 disconnected.
2022-08-26 16:02:11.593  WARN 28056 --- [ntainer#0-0-C-1] org.apache.kafka.clients.NetworkClient   : [Consumer clientId=kafkaexample-0, groupId=kafkaexample] Connection to node -1 (localhost/127.0.0.1:9092) could not be established. Broker may not be available.
2022-08-26 16:02:11.593  WARN 28056 --- [ntainer#0-0-C-1] org.apache.kafka.clients.NetworkClient   : [Consumer clientId=kafkaexample-0, groupId=kafkaexample] Bootstrap broker localhost:9092 (id: -1 rack: null) disconnected
2022-08-26 16:02:12.800  INFO 28056 --- [ntainer#0-0-C-1] org.apache.kafka.clients.NetworkClient   : [Consumer clientId=kafkaexample-0, groupId=kafkaexample] Node -1 disconnected.
2022-08-26 16:02:12.801  WARN 28056 --- [ntainer#0-0-C-1] org.apache.kafka.clients.NetworkClient   : [Consumer clientId=kafkaexample-0, groupId=kafkaexample] Connection to node -1 (localhost/127.0.0.1:9092) could not be established. Broker may not be available.
2022-08-26 16:02:12.801  WARN 28056 --- [ntainer#0-0-C-1] org.apache.kafka.clients.NetworkClient   : [Consumer clientId=kafkaexample-0, groupId=kafkaexample] Bootstrap broker localhost:9092 (id: -1 rack: null) disconnected
2022-08-26 16:02:13.201  INFO 28056 --- [    Test worker] ]]>&#x1f433;<![CDATA[ [confluentinc/cp-kafka:6.2.1]         : Container confluentinc/cp-kafka:6.2.1 started in PT7.520807S
2022-08-26 16:02:13.655  INFO 28056 --- [ntainer#0-0-C-1] org.apache.kafka.clients.NetworkClient   : [Consumer clientId=kafkaexample-0, groupId=kafkaexample] Node -1 disconnected.
2022-08-26 16:02:13.655  WARN 28056 --- [ntainer#0-0-C-1] org.apache.kafka.clients.NetworkClient   : [Consumer clientId=kafkaexample-0, groupId=kafkaexample] Connection to node -1 (localhost/127.0.0.1:9092) could not be established. Broker may not be available.
2022-08-26 16:02:13.655  WARN 28056 --- [ntainer#0-0-C-1] org.apache.kafka.clients.NetworkClient   : [Consumer clientId=kafkaexample-0, groupId=kafkaexample] Bootstrap broker localhost:9092 (id: -1 rack: null) disconnected
2022-08-26 16:02:14.510  INFO 28056 --- [ntainer#0-0-C-1] org.apache.kafka.clients.NetworkClient   : [Consumer clientId=kafkaexample-0, groupId=kafkaexample] Node -1 disconnected.
2022-08-26 16:02:14.510  WARN 28056 --- [ntainer#0-0-C-1] org.apache.kafka.clients.NetworkClient   : [Consumer clientId=kafkaexample-0, groupId=kafkaexample] Connection to node -1 (localhost/127.0.0.1:9092) could not be established. Broker may not be available.
2022-08-26 16:02:14.510  WARN 28056 --- [ntainer#0-0-C-1] org.apache.kafka.clients.NetworkClient   : [Consumer clientId=kafkaexample-0, groupId=kafkaexample] Bootstrap broker localhost:9092 (id: -1 rack: null) disconnected
2022-08-26 16:02:14.876  INFO 28056 --- [    Test worker] c.t.i.c.k.c.KafkaContainerConfiguration  : > Initializing Kafka Container
2022-08-26 16:02:14.882  INFO 28056 --- [    Test worker] c.t.i.c.k.c.KafkaContainerConfiguration  : > Initialized Kafka Container
2022-08-26 16:02:14.886  INFO 28056 --- [    Test worker] c.t.i.c.k.c.KafkaContainerConfiguration  : > Setting Kafka bootstrap server...
2022-08-26 16:02:14.886  INFO 28056 --- [    Test worker] c.t.i.c.k.c.KafkaContainerConfiguration  : > Setting groupId: kafkagroup
2022-08-26 16:02:26.670  INFO 28056 --- [ntainer#0-0-C-1] org.apache.kafka.clients.NetworkClient   : [Consumer clientId=kafkaexample-0, groupId=kafkaexample] Node -1 disconnected.
2022-08-26 16:02:27.424  WARN 28056 --- [ntainer#0-0-C-1] org.apache.kafka.clients.NetworkClient   : [Consumer clientId=kafkaexample-0, groupId=kafkaexample] Connection to node -1 (localhost/127.0.0.1:9092) could not be established. Broker may not be available.
2022-08-26 16:02:27.426  WARN 28056 --- [ntainer#0-0-C-1] org.apache.kafka.clients.NetworkClient   : [Consumer clientId=kafkaexample-0, groupId=kafkaexample] Bootstrap broker localhost:9092 (id: -1 rack: null) disconnected
2022-08-26 16:02:27.484  INFO 28056 --- [    Test worker] o.a.k.clients.admin.AdminClientConfig    : AdminClientConfig values: 
	bootstrap.servers = [PLAINTEXT://localhost:49308]
	client.dns.lookup = use_all_dns_ips
	client.id = 
	connections.max.idle.ms = 300000
	default.api.timeout.ms = 60000
	metadata.max.age.ms = 300000
	metric.reporters = []
	metrics.num.samples = 2
	metrics.recording.level = INFO
	metrics.sample.window.ms = 30000
	receive.buffer.bytes = 65536
	reconnect.backoff.max.ms = 1000
	reconnect.backoff.ms = 50
	request.timeout.ms = 30000
	retries = 2147483647
	retry.backoff.ms = 100
	sasl.client.callback.handler.class = null
	sasl.jaas.config = null
	sasl.kerberos.kinit.cmd = /usr/bin/kinit
	sasl.kerberos.min.time.before.relogin = 60000
	sasl.kerberos.service.name = null
	sasl.kerberos.ticket.renew.jitter = 0.05
	sasl.kerberos.ticket.renew.window.factor = 0.8
	sasl.login.callback.handler.class = null
	sasl.login.class = null
	sasl.login.connect.timeout.ms = null
	sasl.login.read.timeout.ms = null
	sasl.login.refresh.buffer.seconds = 300
	sasl.login.refresh.min.period.seconds = 60
	sasl.login.refresh.window.factor = 0.8
	sasl.login.refresh.window.jitter = 0.05
	sasl.login.retry.backoff.max.ms = 10000
	sasl.login.retry.backoff.ms = 100
	sasl.mechanism = GSSAPI
	sasl.oauthbearer.clock.skew.seconds = 30
	sasl.oauthbearer.expected.audience = null
	sasl.oauthbearer.expected.issuer = null
	sasl.oauthbearer.jwks.endpoint.refresh.ms = 3600000
	sasl.oauthbearer.jwks.endpoint.retry.backoff.max.ms = 10000
	sasl.oauthbearer.jwks.endpoint.retry.backoff.ms = 100
	sasl.oauthbearer.jwks.endpoint.url = null
	sasl.oauthbearer.scope.claim.name = scope
	sasl.oauthbearer.sub.claim.name = sub
	sasl.oauthbearer.token.endpoint.url = null
	security.protocol = PLAINTEXT
	security.providers = null
	send.buffer.bytes = 131072
	socket.connection.setup.timeout.max.ms = 30000
	socket.connection.setup.timeout.ms = 10000
	ssl.cipher.suites = null
	ssl.enabled.protocols = [TLSv1.2, TLSv1.3]
	ssl.endpoint.identification.algorithm = https
	ssl.engine.factory.class = null
	ssl.key.password = null
	ssl.keymanager.algorithm = SunX509
	ssl.keystore.certificate.chain = null
	ssl.keystore.key = null
	ssl.keystore.location = null
	ssl.keystore.password = null
	ssl.keystore.type = JKS
	ssl.protocol = TLSv1.3
	ssl.provider = null
	ssl.secure.random.implementation = null
	ssl.trustmanager.algorithm = PKIX
	ssl.truststore.certificates = null
	ssl.truststore.location = null
	ssl.truststore.password = null
	ssl.truststore.type = JKS

2022-08-26 16:02:27.676  INFO 28056 --- [    Test worker] o.a.kafka.common.utils.AppInfoParser     : Kafka version: 3.1.1
2022-08-26 16:02:27.677  INFO 28056 --- [    Test worker] o.a.kafka.common.utils.AppInfoParser     : Kafka commitId: 97671528ba54a138
2022-08-26 16:02:27.678  INFO 28056 --- [    Test worker] o.a.kafka.common.utils.AppInfoParser     : Kafka startTimeMs: 1661540547676
2022-08-26 16:02:28.435  INFO 28056 --- [ntainer#0-0-C-1] org.apache.kafka.clients.NetworkClient   : [Consumer clientId=kafkaexample-0, groupId=kafkaexample] Node -1 disconnected.
2022-08-26 16:02:28.438  WARN 28056 --- [ntainer#0-0-C-1] org.apache.kafka.clients.NetworkClient   : [Consumer clientId=kafkaexample-0, groupId=kafkaexample] Connection to node -1 (localhost/127.0.0.1:9092) could not be established. Broker may not be available.
2022-08-26 16:02:28.440  WARN 28056 --- [ntainer#0-0-C-1] org.apache.kafka.clients.NetworkClient   : [Consumer clientId=kafkaexample-0, groupId=kafkaexample] Bootstrap broker localhost:9092 (id: -1 rack: null) disconnected
2022-08-26 16:02:29.646  INFO 28056 --- [ntainer#0-0-C-1] org.apache.kafka.clients.NetworkClient   : [Consumer clientId=kafkaexample-0, groupId=kafkaexample] Node -1 disconnected.
2022-08-26 16:02:29.648  WARN 28056 --- [ntainer#0-0-C-1] org.apache.kafka.clients.NetworkClient   : [Consumer clientId=kafkaexample-0, groupId=kafkaexample] Connection to node -1 (localhost/127.0.0.1:9092) could not be established. Broker may not be available.
2022-08-26 16:02:29.648  WARN 28056 --- [ntainer#0-0-C-1] org.apache.kafka.clients.NetworkClient   : [Consumer clientId=kafkaexample-0, groupId=kafkaexample] Bootstrap broker localhost:9092 (id: -1 rack: null) disconnected
2022-08-26 16:03:30.351  WARN 28056 --- [l-2 housekeeper] com.zaxxer.hikari.pool.HikariPool        : HikariPool-2 - Thread starvation or clock leap detected (housekeeper delta=1m25s810ms312µs109ns).
2022-08-26 16:03:30.351 DEBUG 28056 --- [l-2 housekeeper] com.zaxxer.hikari.pool.HikariPool        : HikariPool-2 - Before cleanup stats (total=1, active=0, idle=1, waiting=0)
2022-08-26 16:03:30.351 DEBUG 28056 --- [l-2 housekeeper] com.zaxxer.hikari.pool.HikariPool        : HikariPool-2 - After cleanup  stats (total=1, active=0, idle=1, waiting=0)
2022-08-26 16:03:30.351 DEBUG 28056 --- [l-2 housekeeper] com.zaxxer.hikari.pool.HikariPool        : HikariPool-2 - Fill pool skipped, pool is at sufficient level.
2022-08-26 16:03:30.351  WARN 28056 --- [l-1 housekeeper] com.zaxxer.hikari.pool.HikariPool        : HikariPool-1 - Thread starvation or clock leap detected (housekeeper delta=1m27s539ms843µs600ns).
2022-08-26 16:03:30.351 DEBUG 28056 --- [l-1 housekeeper] com.zaxxer.hikari.pool.HikariPool        : HikariPool-1 - Before cleanup stats (total=2, active=0, idle=2, waiting=0)
2022-08-26 16:03:30.352 DEBUG 28056 --- [l-1 housekeeper] com.zaxxer.hikari.pool.HikariPool        : HikariPool-1 - After cleanup  stats (total=2, active=0, idle=2, waiting=0)
2022-08-26 16:03:30.353 DEBUG 28056 --- [l-1 housekeeper] com.zaxxer.hikari.pool.HikariPool        : HikariPool-1 - Fill pool skipped, pool is at sufficient level.
2022-08-26 16:03:30.351  INFO 28056 --- [    Test worker] c.t.i.c.k.c.KafkaContainerConfiguration  : > Topicos criados com sucesso
2022-08-26 16:03:30.354  INFO 28056 --- [ntainer#0-0-C-1] org.apache.kafka.clients.NetworkClient   : [Consumer clientId=kafkaexample-0, groupId=kafkaexample] Node -1 disconnected.
2022-08-26 16:03:30.355  WARN 28056 --- [ntainer#0-0-C-1] org.apache.kafka.clients.NetworkClient   : [Consumer clientId=kafkaexample-0, groupId=kafkaexample] Connection to node -1 (localhost/127.0.0.1:9092) could not be established. Broker may not be available.
2022-08-26 16:03:30.355  WARN 28056 --- [ntainer#0-0-C-1] org.apache.kafka.clients.NetworkClient   : [Consumer clientId=kafkaexample-0, groupId=kafkaexample] Bootstrap broker localhost:9092 (id: -1 rack: null) disconnected
2022-08-26 16:03:31.420  INFO 28056 --- [ntainer#0-0-C-1] org.apache.kafka.clients.NetworkClient   : [Consumer clientId=kafkaexample-0, groupId=kafkaexample] Node -1 disconnected.
2022-08-26 16:03:31.421  WARN 28056 --- [ntainer#0-0-C-1] org.apache.kafka.clients.NetworkClient   : [Consumer clientId=kafkaexample-0, groupId=kafkaexample] Connection to node -1 (localhost/127.0.0.1:9092) could not be established. Broker may not be available.
2022-08-26 16:03:31.421  WARN 28056 --- [ntainer#0-0-C-1] org.apache.kafka.clients.NetworkClient   : [Consumer clientId=kafkaexample-0, groupId=kafkaexample] Bootstrap broker localhost:9092 (id: -1 rack: null) disconnected
2022-08-26 16:03:31.423  INFO 28056 --- [    Test worker] c.t.integration.producer.ProducerTopic   : enviando mensagem='primeira mensagem' para o tópico='topicexample' e com a key=1
2022-08-26 16:03:32.645  INFO 28056 --- [ntainer#0-0-C-1] org.apache.kafka.clients.NetworkClient   : [Consumer clientId=kafkaexample-0, groupId=kafkaexample] Node -1 disconnected.
2022-08-26 16:03:32.646  WARN 28056 --- [ntainer#0-0-C-1] org.apache.kafka.clients.NetworkClient   : [Consumer clientId=kafkaexample-0, groupId=kafkaexample] Connection to node -1 (localhost/127.0.0.1:9092) could not be established. Broker may not be available.
2022-08-26 16:03:32.647  WARN 28056 --- [ntainer#0-0-C-1] org.apache.kafka.clients.NetworkClient   : [Consumer clientId=kafkaexample-0, groupId=kafkaexample] Bootstrap broker localhost:9092 (id: -1 rack: null) disconnected
2022-08-26 16:03:32.668  INFO 28056 --- [    Test worker] o.a.k.clients.producer.ProducerConfig    : ProducerConfig values: 
	acks = -1
	batch.size = 16384
	bootstrap.servers = [localhost:9092]
	buffer.memory = 33554432
	client.dns.lookup = use_all_dns_ips
	client.id = producer-1
	compression.type = none
	connections.max.idle.ms = 540000
	delivery.timeout.ms = 120000
	enable.idempotence = true
	interceptor.classes = []
	key.serializer = class org.apache.kafka.common.serialization.StringSerializer
	linger.ms = 0
	max.block.ms = 60000
	max.in.flight.requests.per.connection = 5
	max.request.size = 1048576
	metadata.max.age.ms = 300000
	metadata.max.idle.ms = 300000
	metric.reporters = []
	metrics.num.samples = 2
	metrics.recording.level = INFO
	metrics.sample.window.ms = 30000
	partitioner.class = class org.apache.kafka.clients.producer.internals.DefaultPartitioner
	receive.buffer.bytes = 32768
	reconnect.backoff.max.ms = 1000
	reconnect.backoff.ms = 50
	request.timeout.ms = 30000
	retries = 2147483647
	retry.backoff.ms = 100
	sasl.client.callback.handler.class = null
	sasl.jaas.config = null
	sasl.kerberos.kinit.cmd = /usr/bin/kinit
	sasl.kerberos.min.time.before.relogin = 60000
	sasl.kerberos.service.name = null
	sasl.kerberos.ticket.renew.jitter = 0.05
	sasl.kerberos.ticket.renew.window.factor = 0.8
	sasl.login.callback.handler.class = null
	sasl.login.class = null
	sasl.login.connect.timeout.ms = null
	sasl.login.read.timeout.ms = null
	sasl.login.refresh.buffer.seconds = 300
	sasl.login.refresh.min.period.seconds = 60
	sasl.login.refresh.window.factor = 0.8
	sasl.login.refresh.window.jitter = 0.05
	sasl.login.retry.backoff.max.ms = 10000
	sasl.login.retry.backoff.ms = 100
	sasl.mechanism = GSSAPI
	sasl.oauthbearer.clock.skew.seconds = 30
	sasl.oauthbearer.expected.audience = null
	sasl.oauthbearer.expected.issuer = null
	sasl.oauthbearer.jwks.endpoint.refresh.ms = 3600000
	sasl.oauthbearer.jwks.endpoint.retry.backoff.max.ms = 10000
	sasl.oauthbearer.jwks.endpoint.retry.backoff.ms = 100
	sasl.oauthbearer.jwks.endpoint.url = null
	sasl.oauthbearer.scope.claim.name = scope
	sasl.oauthbearer.sub.claim.name = sub
	sasl.oauthbearer.token.endpoint.url = null
	security.protocol = PLAINTEXT
	security.providers = null
	send.buffer.bytes = 131072
	socket.connection.setup.timeout.max.ms = 30000
	socket.connection.setup.timeout.ms = 10000
	ssl.cipher.suites = null
	ssl.enabled.protocols = [TLSv1.2, TLSv1.3]
	ssl.endpoint.identification.algorithm = https
	ssl.engine.factory.class = null
	ssl.key.password = null
	ssl.keymanager.algorithm = SunX509
	ssl.keystore.certificate.chain = null
	ssl.keystore.key = null
	ssl.keystore.location = null
	ssl.keystore.password = null
	ssl.keystore.type = JKS
	ssl.protocol = TLSv1.3
	ssl.provider = null
	ssl.secure.random.implementation = null
	ssl.trustmanager.algorithm = PKIX
	ssl.truststore.certificates = null
	ssl.truststore.location = null
	ssl.truststore.password = null
	ssl.truststore.type = JKS
	transaction.timeout.ms = 60000
	transactional.id = null
	value.serializer = class org.apache.kafka.common.serialization.StringSerializer

2022-08-26 16:03:32.692  INFO 28056 --- [    Test worker] o.a.k.clients.producer.KafkaProducer     : [Producer clientId=producer-1] Instantiated an idempotent producer.
2022-08-26 16:03:32.711  INFO 28056 --- [    Test worker] o.a.kafka.common.utils.AppInfoParser     : Kafka version: 3.1.1
2022-08-26 16:03:32.711  INFO 28056 --- [    Test worker] o.a.kafka.common.utils.AppInfoParser     : Kafka commitId: 97671528ba54a138
2022-08-26 16:03:32.711  INFO 28056 --- [    Test worker] o.a.kafka.common.utils.AppInfoParser     : Kafka startTimeMs: 1661540612711
2022-08-26 16:03:32.715  INFO 28056 --- [ad | producer-1] org.apache.kafka.clients.NetworkClient   : [Producer clientId=producer-1] Node -1 disconnected.
2022-08-26 16:03:32.715  WARN 28056 --- [ad | producer-1] org.apache.kafka.clients.NetworkClient   : [Producer clientId=producer-1] Connection to node -1 (localhost/127.0.0.1:9092) could not be established. Broker may not be available.
2022-08-26 16:03:32.715  WARN 28056 --- [ad | producer-1] org.apache.kafka.clients.NetworkClient   : [Producer clientId=producer-1] Bootstrap broker localhost:9092 (id: -1 rack: null) disconnected
2022-08-26 16:03:32.722  INFO 28056 --- [| adminclient-1] o.a.k.c.a.i.AdminMetadataManager         : [AdminClient clientId=adminclient-1] Metadata update failed

org.apache.kafka.common.errors.TimeoutException: Timed out waiting to send the call. Call: fetchMetadata

2022-08-26 16:03:32.816  INFO 28056 --- [ad | producer-1] org.apache.kafka.clients.NetworkClient   : [Producer clientId=producer-1] Node -1 disconnected.
2022-08-26 16:03:32.817  WARN 28056 --- [ad | producer-1] org.apache.kafka.clients.NetworkClient   : [Producer clientId=producer-1] Connection to node -1 (localhost/127.0.0.1:9092) could not be established. Broker may not be available.
2022-08-26 16:03:32.817  WARN 28056 --- [ad | producer-1] org.apache.kafka.clients.NetworkClient   : [Producer clientId=producer-1] Bootstrap broker localhost:9092 (id: -1 rack: null) disconnected
2022-08-26 16:03:32.918  INFO 28056 --- [ad | producer-1] org.apache.kafka.clients.NetworkClient   : [Producer clientId=producer-1] Node -1 disconnected.
2022-08-26 16:03:32.919  WARN 28056 --- [ad | producer-1] org.apache.kafka.clients.NetworkClient   : [Producer clientId=producer-1] Connection to node -1 (localhost/127.0.0.1:9092) could not be established. Broker may not be available.
2022-08-26 16:03:32.919  WARN 28056 --- [ad | producer-1] org.apache.kafka.clients.NetworkClient   : [Producer clientId=producer-1] Bootstrap broker localhost:9092 (id: -1 rack: null) disconnected
2022-08-26 16:03:33.122  INFO 28056 --- [ad | producer-1] org.apache.kafka.clients.NetworkClient   : [Producer clientId=producer-1] Node -1 disconnected.
2022-08-26 16:03:33.122  WARN 28056 --- [ad | producer-1] org.apache.kafka.clients.NetworkClient   : [Producer clientId=producer-1] Connection to node -1 (localhost/127.0.0.1:9092) could not be established. Broker may not be available.
2022-08-26 16:03:33.123  WARN 28056 --- [ad | producer-1] org.apache.kafka.clients.NetworkClient   : [Producer clientId=producer-1] Bootstrap broker localhost:9092 (id: -1 rack: null) disconnected
2022-08-26 16:03:33.502  INFO 28056 --- [ntainer#0-0-C-1] org.apache.kafka.clients.NetworkClient   : [Consumer clientId=kafkaexample-0, groupId=kafkaexample] Node -1 disconnected.
2022-08-26 16:03:33.503  WARN 28056 --- [ntainer#0-0-C-1] org.apache.kafka.clients.NetworkClient   : [Consumer clientId=kafkaexample-0, groupId=kafkaexample] Connection to node -1 (localhost/127.0.0.1:9092) could not be established. Broker may not be available.
2022-08-26 16:03:33.503  WARN 28056 --- [ntainer#0-0-C-1] org.apache.kafka.clients.NetworkClient   : [Consumer clientId=kafkaexample-0, groupId=kafkaexample] Bootstrap broker localhost:9092 (id: -1 rack: null) disconnected
2022-08-26 16:03:33.527  INFO 28056 --- [ad | producer-1] org.apache.kafka.clients.NetworkClient   : [Producer clientId=producer-1] Node -1 disconnected.
2022-08-26 16:03:33.527  WARN 28056 --- [ad | producer-1] org.apache.kafka.clients.NetworkClient   : [Producer clientId=producer-1] Connection to node -1 (localhost/127.0.0.1:9092) could not be established. Broker may not be available.
2022-08-26 16:03:33.527  WARN 28056 --- [ad | producer-1] org.apache.kafka.clients.NetworkClient   : [Producer clientId=producer-1] Bootstrap broker localhost:9092 (id: -1 rack: null) disconnected
2022-08-26 16:03:34.311  INFO 28056 --- [ntainer#0-0-C-1] org.apache.kafka.clients.NetworkClient   : [Consumer clientId=kafkaexample-0, groupId=kafkaexample] Node -1 disconnected.
2022-08-26 16:03:34.311  WARN 28056 --- [ntainer#0-0-C-1] org.apache.kafka.clients.NetworkClient   : [Consumer clientId=kafkaexample-0, groupId=kafkaexample] Connection to node -1 (localhost/127.0.0.1:9092) could not be established. Broker may not be available.
2022-08-26 16:03:34.312  WARN 28056 --- [ntainer#0-0-C-1] org.apache.kafka.clients.NetworkClient   : [Consumer clientId=kafkaexample-0, groupId=kafkaexample] Bootstrap broker localhost:9092 (id: -1 rack: null) disconnected
2022-08-26 16:03:34.446  INFO 28056 --- [ad | producer-1] org.apache.kafka.clients.NetworkClient   : [Producer clientId=producer-1] Node -1 disconnected.
2022-08-26 16:03:34.447  WARN 28056 --- [ad | producer-1] org.apache.kafka.clients.NetworkClient   : [Producer clientId=producer-1] Connection to node -1 (localhost/127.0.0.1:9092) could not be established. Broker may not be available.
2022-08-26 16:03:34.447  WARN 28056 --- [ad | producer-1] org.apache.kafka.clients.NetworkClient   : [Producer clientId=producer-1] Bootstrap broker localhost:9092 (id: -1 rack: null) disconnected
2022-08-26 16:03:35.408  INFO 28056 --- [ntainer#0-0-C-1] org.apache.kafka.clients.NetworkClient   : [Consumer clientId=kafkaexample-0, groupId=kafkaexample] Node -1 disconnected.
2022-08-26 16:03:35.409  WARN 28056 --- [ntainer#0-0-C-1] org.apache.kafka.clients.NetworkClient   : [Consumer clientId=kafkaexample-0, groupId=kafkaexample] Connection to node -1 (localhost/127.0.0.1:9092) could not be established. Broker may not be available.
2022-08-26 16:03:35.409  WARN 28056 --- [ntainer#0-0-C-1] org.apache.kafka.clients.NetworkClient   : [Consumer clientId=kafkaexample-0, groupId=kafkaexample] Bootstrap broker localhost:9092 (id: -1 rack: null) disconnected
2022-08-26 16:03:35.457  INFO 28056 --- [ad | producer-1] org.apache.kafka.clients.NetworkClient   : [Producer clientId=producer-1] Node -1 disconnected.
2022-08-26 16:03:35.458  WARN 28056 --- [ad | producer-1] org.apache.kafka.clients.NetworkClient   : [Producer clientId=producer-1] Connection to node -1 (localhost/127.0.0.1:9092) could not be established. Broker may not be available.
2022-08-26 16:03:35.459  WARN 28056 --- [ad | producer-1] org.apache.kafka.clients.NetworkClient   : [Producer clientId=producer-1] Bootstrap broker localhost:9092 (id: -1 rack: null) disconnected
2022-08-26 16:03:36.570  INFO 28056 --- [ntainer#0-0-C-1] org.apache.kafka.clients.NetworkClient   : [Consumer clientId=kafkaexample-0, groupId=kafkaexample] Node -1 disconnected.
2022-08-26 16:03:36.570  INFO 28056 --- [ad | producer-1] org.apache.kafka.clients.NetworkClient   : [Producer clientId=producer-1] Node -1 disconnected.
2022-08-26 16:03:36.570  WARN 28056 --- [ntainer#0-0-C-1] org.apache.kafka.clients.NetworkClient   : [Consumer clientId=kafkaexample-0, groupId=kafkaexample] Connection to node -1 (localhost/127.0.0.1:9092) could not be established. Broker may not be available.
2022-08-26 16:03:36.570  WARN 28056 --- [ad | producer-1] org.apache.kafka.clients.NetworkClient   : [Producer clientId=producer-1] Connection to node -1 (localhost/127.0.0.1:9092) could not be established. Broker may not be available.
2022-08-26 16:03:36.570  WARN 28056 --- [ntainer#0-0-C-1] org.apache.kafka.clients.NetworkClient   : [Consumer clientId=kafkaexample-0, groupId=kafkaexample] Bootstrap broker localhost:9092 (id: -1 rack: null) disconnected
2022-08-26 16:03:36.570  WARN 28056 --- [ad | producer-1] org.apache.kafka.clients.NetworkClient   : [Producer clientId=producer-1] Bootstrap broker localhost:9092 (id: -1 rack: null) disconnected
2022-08-26 16:03:37.530  INFO 28056 --- [ad | producer-1] org.apache.kafka.clients.NetworkClient   : [Producer clientId=producer-1] Node -1 disconnected.
2022-08-26 16:03:37.531  WARN 28056 --- [ad | producer-1] org.apache.kafka.clients.NetworkClient   : [Producer clientId=producer-1] Connection to node -1 (localhost/127.0.0.1:9092) could not be established. Broker may not be available.
2022-08-26 16:03:37.531  WARN 28056 --- [ad | producer-1] org.apache.kafka.clients.NetworkClient   : [Producer clientId=producer-1] Bootstrap broker localhost:9092 (id: -1 rack: null) disconnected
2022-08-26 16:03:37.578  INFO 28056 --- [ntainer#0-0-C-1] org.apache.kafka.clients.NetworkClient   : [Consumer clientId=kafkaexample-0, groupId=kafkaexample] Node -1 disconnected.
2022-08-26 16:03:37.579  WARN 28056 --- [ntainer#0-0-C-1] org.apache.kafka.clients.NetworkClient   : [Consumer clientId=kafkaexample-0, groupId=kafkaexample] Connection to node -1 (localhost/127.0.0.1:9092) could not be established. Broker may not be available.
2022-08-26 16:03:37.579  WARN 28056 --- [ntainer#0-0-C-1] org.apache.kafka.clients.NetworkClient   : [Consumer clientId=kafkaexample-0, groupId=kafkaexample] Bootstrap broker localhost:9092 (id: -1 rack: null) disconnected
2022-08-26 16:03:38.388  INFO 28056 --- [ad | producer-1] org.apache.kafka.clients.NetworkClient   : [Producer clientId=producer-1] Node -1 disconnected.
2022-08-26 16:03:38.389  WARN 28056 --- [ad | producer-1] org.apache.kafka.clients.NetworkClient   : [Producer clientId=producer-1] Connection to node -1 (localhost/127.0.0.1:9092) could not be established. Broker may not be available.
2022-08-26 16:03:38.389  WARN 28056 --- [ad | producer-1] org.apache.kafka.clients.NetworkClient   : [Producer clientId=producer-1] Bootstrap broker localhost:9092 (id: -1 rack: null) disconnected
2022-08-26 16:03:38.737  INFO 28056 --- [ntainer#0-0-C-1] org.apache.kafka.clients.NetworkClient   : [Consumer clientId=kafkaexample-0, groupId=kafkaexample] Node -1 disconnected.
2022-08-26 16:03:38.738  WARN 28056 --- [ntainer#0-0-C-1] org.apache.kafka.clients.NetworkClient   : [Consumer clientId=kafkaexample-0, groupId=kafkaexample] Connection to node -1 (localhost/127.0.0.1:9092) could not be established. Broker may not be available.
2022-08-26 16:03:38.738  WARN 28056 --- [ntainer#0-0-C-1] org.apache.kafka.clients.NetworkClient   : [Consumer clientId=kafkaexample-0, groupId=kafkaexample] Bootstrap broker localhost:9092 (id: -1 rack: null) disconnected
2022-08-26 16:03:39.548  INFO 28056 --- [ad | producer-1] org.apache.kafka.clients.NetworkClient   : [Producer clientId=producer-1] Node -1 disconnected.
2022-08-26 16:03:39.549  WARN 28056 --- [ad | producer-1] org.apache.kafka.clients.NetworkClient   : [Producer clientId=producer-1] Connection to node -1 (localhost/127.0.0.1:9092) could not be established. Broker may not be available.
2022-08-26 16:03:39.549  WARN 28056 --- [ad | producer-1] org.apache.kafka.clients.NetworkClient   : [Producer clientId=producer-1] Bootstrap broker localhost:9092 (id: -1 rack: null) disconnected
2022-08-26 16:03:39.845  INFO 28056 --- [ntainer#0-0-C-1] org.apache.kafka.clients.NetworkClient   : [Consumer clientId=kafkaexample-0, groupId=kafkaexample] Node -1 disconnected.
[...]
2022-08-26 16:04:20.317  WARN 28056 --- [ntainer#0-0-C-1] org.apache.kafka.clients.NetworkClient   : [Consumer clientId=kafkaexample-0, groupId=kafkaexample] Connection to node -1 (localhost/127.0.0.1:9092) could not be established. Broker may not be available.
2022-08-26 16:04:20.319  WARN 28056 --- [ntainer#0-0-C-1] org.apache.kafka.clients.NetworkClient   : [Consumer clientId=kafkaexample-0, groupId=kafkaexample] Bootstrap broker localhost:9092 (id: -1 rack: null) disconnected
2022-08-26 16:04:22.363  INFO 28056 --- [ad | producer-1] org.apache.kafka.clients.NetworkClient   : [Producer clientId=producer-1] Node -1 disconnected.
2022-08-26 16:04:22.363  INFO 28056 --- [ntainer#0-0-C-1] org.apache.kafka.clients.NetworkClient   : [Consumer clientId=kafkaexample-0, groupId=kafkaexample] Node -1 disconnected.
2022-08-26 16:04:22.378  WARN 28056 --- [ad | producer-1] org.apache.kafka.clients.NetworkClient   : [Producer clientId=producer-1] Connection to node -1 (localhost/127.0.0.1:9092) could not be established. Broker may not be available.
2022-08-26 16:04:22.378  WARN 28056 --- [ntainer#0-0-C-1] org.apache.kafka.clients.NetworkClient   : [Consumer clientId=kafkaexample-0, groupId=kafkaexample] Connection to node -1 (localhost/127.0.0.1:9092) could not be established. Broker may not be available.
2022-08-26 16:04:22.380  WARN 28056 --- [ntainer#0-0-C-1] org.apache.kafka.clients.NetworkClient   : [Consumer clientId=kafkaexample-0, groupId=kafkaexample] Bootstrap broker localhost:9092 (id: -1 rack: null) disconnected
2022-08-26 16:04:22.381  WARN 28056 --- [ad | producer-1] org.apache.kafka.clients.NetworkClient   : [Producer clientId=producer-1] Bootstrap broker localhost:9092 (id: -1 rack: null) disconnected
2022-08-26 16:04:23.522  INFO 28056 --- [ntainer#0-0-C-1] org.apache.kafka.clients.NetworkClient   : [Consumer clientId=kafkaexample-0, groupId=kafkaexample] Node -1 disconnected.
2022-08-26 16:04:23.535  WARN 28056 --- [ntainer#0-0-C-1] org.apache.kafka.clients.NetworkClient   : [Consumer clientId=kafkaexample-0, groupId=kafkaexample] Connection to node -1 (localhost/127.0.0.1:9092) could not be established. Broker may not be available.
2022-08-26 16:04:23.538  WARN 28056 --- [ntainer#0-0-C-1] org.apache.kafka.clients.NetworkClient   : [Consumer clientId=kafkaexample-0, groupId=kafkaexample] Bootstrap broker localhost:9092 (id: -1 rack: null) disconnected
2022-08-26 16:04:23.614  INFO 28056 --- [ad | producer-1] org.apache.kafka.clients.NetworkClient   : [Producer clientId=producer-1] Node -1 disconnected.
2022-08-26 16:04:23.615  WARN 28056 --- [ad | producer-1] org.apache.kafka.clients.NetworkClient   : [Producer clientId=producer-1] Connection to node -1 (localhost/127.0.0.1:9092) could not be established. Broker may not be available.
2022-08-26 16:04:23.616  WARN 28056 --- [ad | producer-1] org.apache.kafka.clients.NetworkClient   : [Producer clientId=producer-1] Bootstrap broker localhost:9092 (id: -1 rack: null) disconnected
2022-08-26 16:04:24.409  INFO 28056 --- [ntainer#0-0-C-1] org.apache.kafka.clients.NetworkClient   : [Consumer clientId=kafkaexample-0, groupId=kafkaexample] Node -1 disconnected.
2022-08-26 16:04:24.414  WARN 28056 --- [ntainer#0-0-C-1] org.apache.kafka.clients.NetworkClient   : [Consumer clientId=kafkaexample-0, groupId=kafkaexample] Connection to node -1 (localhost/127.0.0.1:9092) could not be established. Broker may not be available.
2022-08-26 16:04:24.415  WARN 28056 --- [ntainer#0-0-C-1] org.apache.kafka.clients.NetworkClient   : [Consumer clientId=kafkaexample-0, groupId=kafkaexample] Bootstrap broker localhost:9092 (id: -1 rack: null) disconnected
2022-08-26 16:04:24.473  INFO 28056 --- [ad | producer-1] org.apache.kafka.clients.NetworkClient   : [Producer clientId=producer-1] Node -1 disconnected.
2022-08-26 16:04:24.474  WARN 28056 --- [ad | producer-1] org.apache.kafka.clients.NetworkClient   : [Producer clientId=producer-1] Connection to node -1 (localhost/127.0.0.1:9092) could not be established. Broker may not be available.
2022-08-26 16:04:24.474  WARN 28056 --- [ad | producer-1] org.apache.kafka.clients.NetworkClient   : [Producer clientId=producer-1] Bootstrap broker localhost:9092 (id: -1 rack: null) disconnected
2022-08-26 16:04:25.449  INFO 28056 --- [ntainer#0-0-C-1] org.apache.kafka.clients.NetworkClient   : [Consumer clientId=kafkaexample-0, groupId=kafkaexample] Node -1 disconnected.
2022-08-26 16:04:25.449  INFO 28056 --- [ad | producer-1] org.apache.kafka.clients.NetworkClient   : [Producer clientId=producer-1] Node -1 disconnected.
2022-08-26 16:04:25.457  WARN 28056 --- [ad | producer-1] org.apache.kafka.clients.NetworkClient   : [Producer clientId=producer-1] Connection to node -1 (localhost/127.0.0.1:9092) could not be established. Broker may not be available.
2022-08-26 16:04:25.457  WARN 28056 --- [ntainer#0-0-C-1] org.apache.kafka.clients.NetworkClient   : [Consumer clientId=kafkaexample-0, groupId=kafkaexample] Connection to node -1 (localhost/127.0.0.1:9092) could not be established. Broker may not be available.
2022-08-26 16:04:25.458  WARN 28056 --- [ad | producer-1] org.apache.kafka.clients.NetworkClient   : [Producer clientId=producer-1] Bootstrap broker localhost:9092 (id: -1 rack: null) disconnected
2022-08-26 16:04:25.458  WARN 28056 --- [ntainer#0-0-C-1] org.apache.kafka.clients.NetworkClient   : [Consumer clientId=kafkaexample-0, groupId=kafkaexample] Bootstrap broker localhost:9092 (id: -1 rack: null) disconnected
2022-08-26 16:04:26.432  INFO 28056 --- [ad | producer-1] org.apache.kafka.clients.NetworkClient   : [Producer clientId=producer-1] Node -1 disconnected.
2022-08-26 16:04:26.440  WARN 28056 --- [ad | producer-1] org.apache.kafka.clients.NetworkClient   : [Producer clientId=producer-1] Connection to node -1 (localhost/127.0.0.1:9092) could not be established. Broker may not be available.
2022-08-26 16:04:26.441  WARN 28056 --- [ad | producer-1] org.apache.kafka.clients.NetworkClient   : [Producer clientId=producer-1] Bootstrap broker localhost:9092 (id: -1 rack: null) disconnected
2022-08-26 16:04:26.562  INFO 28056 --- [ntainer#0-0-C-1] org.apache.kafka.clients.NetworkClient   : [Consumer clientId=kafkaexample-0, groupId=kafkaexample] Node -1 disconnected.
2022-08-26 16:04:26.566  WARN 28056 --- [ntainer#0-0-C-1] org.apache.kafka.clients.NetworkClient   : [Consumer clientId=kafkaexample-0, groupId=kafkaexample] Connection to node -1 (localhost/127.0.0.1:9092) could not be established. Broker may not be available.
2022-08-26 16:04:26.569  WARN 28056 --- [ntainer#0-0-C-1] org.apache.kafka.clients.NetworkClient   : [Consumer clientId=kafkaexample-0, groupId=kafkaexample] Bootstrap broker localhost:9092 (id: -1 rack: null) disconnected
2022-08-26 16:04:27.503  INFO 28056 --- [ntainer#0-0-C-1] org.apache.kafka.clients.NetworkClient   : [Consumer clientId=kafkaexample-0, groupId=kafkaexample] Node -1 disconnected.
2022-08-26 16:04:27.512  WARN 28056 --- [ntainer#0-0-C-1] org.apache.kafka.clients.NetworkClient   : [Consumer clientId=kafkaexample-0, groupId=kafkaexample] Connection to node -1 (localhost/127.0.0.1:9092) could not be established. Broker may not be available.
2022-08-26 16:04:27.516  WARN 28056 --- [ntainer#0-0-C-1] org.apache.kafka.clients.NetworkClient   : [Consumer clientId=kafkaexample-0, groupId=kafkaexample] Bootstrap broker localhost:9092 (id: -1 rack: null) disconnected
2022-08-26 16:04:27.618  INFO 28056 --- [ad | producer-1] org.apache.kafka.clients.NetworkClient   : [Producer clientId=producer-1] Node -1 disconnected.
2022-08-26 16:04:27.618  WARN 28056 --- [ad | producer-1] org.apache.kafka.clients.NetworkClient   : [Producer clientId=producer-1] Connection to node -1 (localhost/127.0.0.1:9092) could not be established. Broker may not be available.
2022-08-26 16:04:27.618  WARN 28056 --- [ad | producer-1] org.apache.kafka.clients.NetworkClient   : [Producer clientId=producer-1] Bootstrap broker localhost:9092 (id: -1 rack: null) disconnected
2022-08-26 16:04:28.509  INFO 28056 --- [ntainer#0-0-C-1] org.apache.kafka.clients.NetworkClient   : [Consumer clientId=kafkaexample-0, groupId=kafkaexample] Node -1 disconnected.
2022-08-26 16:04:28.514  WARN 28056 --- [ntainer#0-0-C-1] org.apache.kafka.clients.NetworkClient   : [Consumer clientId=kafkaexample-0, groupId=kafkaexample] Connection to node -1 (localhost/127.0.0.1:9092) could not be established. Broker may not be available.
2022-08-26 16:04:28.514  WARN 28056 --- [ntainer#0-0-C-1] org.apache.kafka.clients.NetworkClient   : [Consumer clientId=kafkaexample-0, groupId=kafkaexample] Bootstrap broker localhost:9092 (id: -1 rack: null) disconnected
2022-08-26 16:04:28.531  INFO 28056 --- [ad | producer-1] org.apache.kafka.clients.NetworkClient   : [Producer clientId=producer-1] Node -1 disconnected.
2022-08-26 16:04:28.534  WARN 28056 --- [ad | producer-1] org.apache.kafka.clients.NetworkClient   : [Producer clientId=producer-1] Connection to node -1 (localhost/127.0.0.1:9092) could not be established. Broker may not be available.
2022-08-26 16:04:28.534  WARN 28056 --- [ad | producer-1] org.apache.kafka.clients.NetworkClient   : [Producer clientId=producer-1] Bootstrap broker localhost:9092 (id: -1 rack: null) disconnected
2022-08-26 16:04:29.653  INFO 28056 --- [ad | producer-1] org.apache.kafka.clients.NetworkClient   : [Producer clientId=producer-1] Node -1 disconnected.
2022-08-26 16:04:29.662  WARN 28056 --- [ad | producer-1] org.apache.kafka.clients.NetworkClient   : [Producer clientId=producer-1] Connection to node -1 (localhost/127.0.0.1:9092) could not be established. Broker may not be available.
2022-08-26 16:04:29.664  WARN 28056 --- [ad | producer-1] org.apache.kafka.clients.NetworkClient   : [Producer clientId=producer-1] Bootstrap broker localhost:9092 (id: -1 rack: null) disconnected
2022-08-26 16:04:29.672  INFO 28056 --- [ntainer#0-0-C-1] org.apache.kafka.clients.NetworkClient   : [Consumer clientId=kafkaexample-0, groupId=kafkaexample] Node -1 disconnected.
2022-08-26 16:04:29.672  WARN 28056 --- [ntainer#0-0-C-1] org.apache.kafka.clients.NetworkClient   : [Consumer clientId=kafkaexample-0, groupId=kafkaexample] Connection to node -1 (localhost/127.0.0.1:9092) could not be established. Broker may not be available.
2022-08-26 16:04:29.672  WARN 28056 --- [ntainer#0-0-C-1] org.apache.kafka.clients.NetworkClient   : [Consumer clientId=kafkaexample-0, groupId=kafkaexample] Bootstrap broker localhost:9092 (id: -1 rack: null) disconnected
2022-08-26 16:04:30.367 DEBUG 28056 --- [l-1 housekeeper] com.zaxxer.hikari.pool.HikariPool        : HikariPool-1 - Before cleanup stats (total=2, active=0, idle=2, waiting=0)
2022-08-26 16:04:30.368 DEBUG 28056 --- [l-2 housekeeper] com.zaxxer.hikari.pool.HikariPool        : HikariPool-2 - Before cleanup stats (total=1, active=0, idle=1, waiting=0)
2022-08-26 16:04:30.392 DEBUG 28056 --- [l-2 housekeeper] com.zaxxer.hikari.pool.HikariPool        : HikariPool-2 - After cleanup  stats (total=1, active=0, idle=1, waiting=0)
2022-08-26 16:04:30.392 DEBUG 28056 --- [l-2 housekeeper] com.zaxxer.hikari.pool.HikariPool        : HikariPool-2 - Fill pool skipped, pool is at sufficient level.
2022-08-26 16:04:30.393 DEBUG 28056 --- [l-1 housekeeper] com.zaxxer.hikari.pool.HikariPool        : HikariPool-1 - After cleanup  stats (total=2, active=0, idle=2, waiting=0)
2022-08-26 16:04:30.393 DEBUG 28056 --- [l-1 housekeeper] com.zaxxer.hikari.pool.HikariPool        : HikariPool-1 - Fill pool skipped, pool is at sufficient level.
2022-08-26 16:04:30.652  INFO 28056 --- [ntainer#0-0-C-1] org.apache.kafka.clients.NetworkClient   : [Consumer clientId=kafkaexample-0, groupId=kafkaexample] Node -1 disconnected.
2022-08-26 16:04:30.665  WARN 28056 --- [ntainer#0-0-C-1] org.apache.kafka.clients.NetworkClient   : [Consumer clientId=kafkaexample-0, groupId=kafkaexample] Connection to node -1 (localhost/127.0.0.1:9092) could not be established. Broker may not be available.
2022-08-26 16:04:30.667  WARN 28056 --- [ntainer#0-0-C-1] org.apache.kafka.clients.NetworkClient   : [Consumer clientId=kafkaexample-0, groupId=kafkaexample] Bootstrap broker localhost:9092 (id: -1 rack: null) disconnected
2022-08-26 16:04:30.872  INFO 28056 --- [ad | producer-1] org.apache.kafka.clients.NetworkClient   : [Producer clientId=producer-1] Node -1 disconnected.
2022-08-26 16:04:30.879  WARN 28056 --- [ad | producer-1] org.apache.kafka.clients.NetworkClient   : [Producer clientId=producer-1] Connection to node -1 (localhost/127.0.0.1:9092) could not be established. Broker may not be available.
2022-08-26 16:04:30.880  WARN 28056 --- [ad | producer-1] org.apache.kafka.clients.NetworkClient   : [Producer clientId=producer-1] Bootstrap broker localhost:9092 (id: -1 rack: null) disconnected
2022-08-26 16:04:31.556  INFO 28056 --- [ntainer#0-0-C-1] org.apache.kafka.clients.NetworkClient   : [Consumer clientId=kafkaexample-0, groupId=kafkaexample] Node -1 disconnected.
2022-08-26 16:04:31.564  WARN 28056 --- [ntainer#0-0-C-1] org.apache.kafka.clients.NetworkClient   : [Consumer clientId=kafkaexample-0, groupId=kafkaexample] Connection to node -1 (localhost/127.0.0.1:9092) could not be established. Broker may not be available.
2022-08-26 16:04:31.565  WARN 28056 --- [ntainer#0-0-C-1] org.apache.kafka.clients.NetworkClient   : [Consumer clientId=kafkaexample-0, groupId=kafkaexample] Bootstrap broker localhost:9092 (id: -1 rack: null) disconnected
2022-08-26 16:04:32.129  INFO 28056 --- [ad | producer-1] org.apache.kafka.clients.NetworkClient   : [Producer clientId=producer-1] Node -1 disconnected.
2022-08-26 16:04:32.133  WARN 28056 --- [ad | producer-1] org.apache.kafka.clients.NetworkClient   : [Producer clientId=producer-1] Connection to node -1 (localhost/127.0.0.1:9092) could not be established. Broker may not be available.
2022-08-26 16:04:32.133  WARN 28056 --- [ad | producer-1] org.apache.kafka.clients.NetworkClient   : [Producer clientId=producer-1] Bootstrap broker localhost:9092 (id: -1 rack: null) disconnected
2022-08-26 16:04:32.464  INFO 28056 --- [ntainer#0-0-C-1] org.apache.kafka.clients.NetworkClient   : [Consumer clientId=kafkaexample-0, groupId=kafkaexample] Node -1 disconnected.
2022-08-26 16:04:32.479  WARN 28056 --- [ntainer#0-0-C-1] org.apache.kafka.clients.NetworkClient   : [Consumer clientId=kafkaexample-0, groupId=kafkaexample] Connection to node -1 (localhost/127.0.0.1:9092) could not be established. Broker may not be available.
2022-08-26 16:04:32.483  WARN 28056 --- [ntainer#0-0-C-1] org.apache.kafka.clients.NetworkClient   : [Consumer clientId=kafkaexample-0, groupId=kafkaexample] Bootstrap broker localhost:9092 (id: -1 rack: null) disconnected
2022-08-26 16:04:32.905 ERROR 28056 --- [    Test worker] o.s.k.support.LoggingProducerListener    : Exception thrown when sending a message with key='1' and payload='primeira mensagem' to topic topicexample:

org.apache.kafka.common.errors.TimeoutException: Topic topicexample not present in metadata after 60000 ms.

2022-08-26 16:04:32.990  INFO 28056 --- [ntainer#0-0-C-1] o.a.k.c.c.internals.ConsumerCoordinator  : [Consumer clientId=kafkaexample-0, groupId=kafkaexample] Resetting generation due to: consumer pro-actively leaving the group
2022-08-26 16:04:32.990  INFO 28056 --- [ntainer#0-0-C-1] o.a.k.c.c.internals.ConsumerCoordinator  : [Consumer clientId=kafkaexample-0, groupId=kafkaexample] Request joining group due to: consumer pro-actively leaving the group
2022-08-26 16:04:32.990  INFO 28056 --- [ntainer#0-0-C-1] o.a.k.clients.consumer.KafkaConsumer     : [Consumer clientId=kafkaexample-0, groupId=kafkaexample] Unsubscribed all topics or patterns and assigned partitions
2022-08-26 16:04:32.996  INFO 28056 --- [ntainer#0-0-C-1] o.a.k.c.c.internals.ConsumerCoordinator  : [Consumer clientId=kafkaexample-0, groupId=kafkaexample] Resetting generation due to: consumer pro-actively leaving the group
2022-08-26 16:04:32.997  INFO 28056 --- [ntainer#0-0-C-1] o.a.k.c.c.internals.ConsumerCoordinator  : [Consumer clientId=kafkaexample-0, groupId=kafkaexample] Request joining group due to: consumer pro-actively leaving the group
2022-08-26 16:04:33.004  INFO 28056 --- [ntainer#0-0-C-1] org.apache.kafka.common.metrics.Metrics  : Metrics scheduler closed
2022-08-26 16:04:33.004  INFO 28056 --- [ntainer#0-0-C-1] org.apache.kafka.common.metrics.Metrics  : Closing reporter org.apache.kafka.common.metrics.JmxReporter
2022-08-26 16:04:33.004  INFO 28056 --- [ad | producer-1] org.apache.kafka.clients.NetworkClient   : [Producer clientId=producer-1] Node -1 disconnected.
2022-08-26 16:04:33.004  INFO 28056 --- [ntainer#0-0-C-1] org.apache.kafka.common.metrics.Metrics  : Metrics reporters closed
2022-08-26 16:04:33.006  WARN 28056 --- [ad | producer-1] org.apache.kafka.clients.NetworkClient   : [Producer clientId=producer-1] Connection to node -1 (localhost/127.0.0.1:9092) could not be established. Broker may not be available.
2022-08-26 16:04:33.007  WARN 28056 --- [ad | producer-1] org.apache.kafka.clients.NetworkClient   : [Producer clientId=producer-1] Bootstrap broker localhost:9092 (id: -1 rack: null) disconnected
2022-08-26 16:04:33.035  INFO 28056 --- [ntainer#0-0-C-1] o.a.kafka.common.utils.AppInfoParser     : App info kafka.consumer for kafkaexample-0 unregistered
2022-08-26 16:04:33.036  INFO 28056 --- [ntainer#0-0-C-1] o.s.k.l.KafkaMessageListenerContainer    : kafkaexample: Consumer stopped
2022-08-26 16:04:33.044  INFO 28056 --- [    Test worker] o.a.k.clients.producer.KafkaProducer     : [Producer clientId=producer-1] Closing the Kafka producer with timeoutMillis = 30000 ms.
2022-08-26 16:04:33.116  INFO 28056 --- [    Test worker] org.apache.kafka.common.metrics.Metrics  : Metrics scheduler closed
2022-08-26 16:04:33.117  INFO 28056 --- [    Test worker] org.apache.kafka.common.metrics.Metrics  : Closing reporter org.apache.kafka.common.metrics.JmxReporter
2022-08-26 16:04:33.117  INFO 28056 --- [    Test worker] org.apache.kafka.common.metrics.Metrics  : Metrics reporters closed
2022-08-26 16:04:33.118  INFO 28056 --- [    Test worker] o.a.kafka.common.utils.AppInfoParser     : App info kafka.producer for producer-1 unregistered
2022-08-26 16:04:33.126  INFO 28056 --- [    Test worker] j.LocalContainerEntityManagerFactoryBean : Closing JPA EntityManagerFactory for persistence unit 'default'
2022-08-26 16:04:33.128  INFO 28056 --- [    Test worker] com.zaxxer.hikari.HikariDataSource       : HikariPool-2 - Shutdown initiated...
2022-08-26 16:04:33.129 DEBUG 28056 --- [    Test worker] com.zaxxer.hikari.pool.HikariPool        : HikariPool-2 - Before shutdown stats (total=1, active=0, idle=1, waiting=0)
2022-08-26 16:04:33.367 DEBUG 28056 --- [    Test worker] com.zaxxer.hikari.pool.HikariPool        : HikariPool-2 - After shutdown stats (total=0, active=0, idle=0, waiting=0)
2022-08-26 16:04:33.369  INFO 28056 --- [    Test worker] com.zaxxer.hikari.HikariDataSource       : HikariPool-2 - Shutdown completed.
2022-08-26 16:04:33.372  INFO 28056 --- [    Test worker] j.LocalContainerEntityManagerFactoryBean : Closing JPA EntityManagerFactory for persistence unit 'default'
2022-08-26 16:04:33.376  INFO 28056 --- [    Test worker] com.zaxxer.hikari.HikariDataSource       : HikariPool-1 - Shutdown initiated...
2022-08-26 16:04:33.378 DEBUG 28056 --- [    Test worker] com.zaxxer.hikari.pool.HikariPool        : HikariPool-1 - Before shutdown stats (total=2, active=0, idle=2, waiting=0)
2022-08-26 16:04:33.431 DEBUG 28056 --- [    Test worker] com.zaxxer.hikari.pool.HikariPool        : HikariPool-1 - After shutdown stats (total=0, active=0, idle=0, waiting=0)
2022-08-26 16:04:33.431  INFO 28056 --- [    Test worker] com.zaxxer.hikari.HikariDataSource       : HikariPool-1 - Shutdown completed.
]]></system-out>
  <system-err><![CDATA[]]></system-err>
</testsuite>
